SF:E:\Github\CytoScnPy\cytoscnpy-cli\src\main.rs
FN:44,_RNCNvCsehoTloi6mk5_13cytoscnpy_cli14run_mcp_server0B3_
FN:44,_RNvCsehoTloi6mk5_13cytoscnpy_cli14run_mcp_server
FN:11,_RNvCsehoTloi6mk5_13cytoscnpy_cli4main
FN:38,_RNvCsehoTloi6mk5_13cytoscnpy_cli7run_mcp
FNDA:0,_RNCNvCsehoTloi6mk5_13cytoscnpy_cli14run_mcp_server0B3_
FNDA:0,_RNvCsehoTloi6mk5_13cytoscnpy_cli14run_mcp_server
FNDA:0,_RNvCsehoTloi6mk5_13cytoscnpy_cli4main
FNDA:0,_RNvCsehoTloi6mk5_13cytoscnpy_cli7run_mcp
FNF:4
FNH:0
DA:11,0
DA:13,0
DA:16,0
DA:18,0
DA:19,0
DA:20,0
DA:21,0
DA:22,0
DA:25,0
DA:29,0
DA:30,0
DA:31,0
DA:32,0
DA:33,0
DA:36,0
DA:38,0
DA:39,0
DA:40,0
DA:41,0
DA:44,0
DA:45,0
DA:46,0
DA:47,0
DA:48,0
DA:49,0
DA:50,0
BRF:0
BRH:0
LF:27
LH:0
end_of_record
SF:E:\Github\CytoScnPy\cytoscnpy-mcp\src\tools.rs
FN:207,_RNCNvMs5_NtCsf3cVlAEknJd_13cytoscnpy_mcp5toolsNtB7_15CytoScnPyServer10quick_scan0B9_
FN:153,_RNCNvMs5_NtCsf3cVlAEknJd_13cytoscnpy_mcp5toolsNtB7_15CytoScnPyServer12analyze_code0B9_
FN:126,_RNCNvMs5_NtCsf3cVlAEknJd_13cytoscnpy_mcp5toolsNtB7_15CytoScnPyServer12analyze_path0B9_
FN:243,_RNCNvMs5_NtCsf3cVlAEknJd_13cytoscnpy_mcp5toolsNtB7_15CytoScnPyServer21cyclomatic_complexity0B9_
FN:285,_RNCNvMs5_NtCsf3cVlAEknJd_13cytoscnpy_mcp5toolsNtB7_15CytoScnPyServer21maintainability_index0B9_
FN:76,_RNvMNtCsf3cVlAEknJd_13cytoscnpy_mcp5toolsNtB2_15CytoScnPyServer3new
FN:166,_RNvMs5_NtCsf3cVlAEknJd_13cytoscnpy_mcp5toolsNtB5_15CytoScnPyServer10quick_scan
FN:140,_RNvMs5_NtCsf3cVlAEknJd_13cytoscnpy_mcp5toolsNtB5_15CytoScnPyServer12analyze_code
FN:105,_RNvMs5_NtCsf3cVlAEknJd_13cytoscnpy_mcp5toolsNtB5_15CytoScnPyServer12analyze_path
FN:217,_RNvMs5_NtCsf3cVlAEknJd_13cytoscnpy_mcp5toolsNtB5_15CytoScnPyServer21cyclomatic_complexity
FN:258,_RNvMs5_NtCsf3cVlAEknJd_13cytoscnpy_mcp5toolsNtB5_15CytoScnPyServer21maintainability_index
FN:38,_RNvNtCsf3cVlAEknJd_13cytoscnpy_mcp5tools12default_true
FN:54,_RNvNtCsf3cVlAEknJd_13cytoscnpy_mcp5tools16default_filename
FN:297,_RNvXs6_NtCsf3cVlAEknJd_13cytoscnpy_mcp5toolsNtB5_15CytoScnPyServerNtNtNtCsc2vCEL68yuW_4rmcp7handler6server13ServerHandler8get_info
FN:84,_RNvXs_NtCsf3cVlAEknJd_13cytoscnpy_mcp5toolsNtB4_15CytoScnPyServerNtNtCsgS7EKHCc5jD_4core7default7Default7default
FN:76,_RNvMNtCs42cSN1H4Ayx_13cytoscnpy_mcp5toolsNtB2_15CytoScnPyServer3new
FN:166,_RNvMs5_NtCs42cSN1H4Ayx_13cytoscnpy_mcp5toolsNtB5_15CytoScnPyServer10quick_scan
FN:140,_RNvMs5_NtCs42cSN1H4Ayx_13cytoscnpy_mcp5toolsNtB5_15CytoScnPyServer12analyze_code
FN:105,_RNvMs5_NtCs42cSN1H4Ayx_13cytoscnpy_mcp5toolsNtB5_15CytoScnPyServer12analyze_path
FN:217,_RNvMs5_NtCs42cSN1H4Ayx_13cytoscnpy_mcp5toolsNtB5_15CytoScnPyServer21cyclomatic_complexity
FN:258,_RNvMs5_NtCs42cSN1H4Ayx_13cytoscnpy_mcp5toolsNtB5_15CytoScnPyServer21maintainability_index
FN:38,_RNvNtCs42cSN1H4Ayx_13cytoscnpy_mcp5tools12default_true
FN:54,_RNvNtCs42cSN1H4Ayx_13cytoscnpy_mcp5tools16default_filename
FN:297,_RNvXs6_NtCs42cSN1H4Ayx_13cytoscnpy_mcp5toolsNtB5_15CytoScnPyServerNtNtNtCsc2vCEL68yuW_4rmcp7handler6server13ServerHandler8get_info
FN:84,_RNvXs_NtCs42cSN1H4Ayx_13cytoscnpy_mcp5toolsNtB4_15CytoScnPyServerNtNtCsgS7EKHCc5jD_4core7default7Default7default
FN:207,_RNCNvMs5_NtCs42cSN1H4Ayx_13cytoscnpy_mcp5toolsNtB7_15CytoScnPyServer10quick_scan0B9_
FN:153,_RNCNvMs5_NtCs42cSN1H4Ayx_13cytoscnpy_mcp5toolsNtB7_15CytoScnPyServer12analyze_code0B9_
FN:126,_RNCNvMs5_NtCs42cSN1H4Ayx_13cytoscnpy_mcp5toolsNtB7_15CytoScnPyServer12analyze_path0B9_
FN:243,_RNCNvMs5_NtCs42cSN1H4Ayx_13cytoscnpy_mcp5toolsNtB7_15CytoScnPyServer21cyclomatic_complexity0B9_
FN:285,_RNCNvMs5_NtCs42cSN1H4Ayx_13cytoscnpy_mcp5toolsNtB7_15CytoScnPyServer21maintainability_index0B9_
FNDA:0,_RNCNvMs5_NtCsf3cVlAEknJd_13cytoscnpy_mcp5toolsNtB7_15CytoScnPyServer10quick_scan0B9_
FNDA:0,_RNCNvMs5_NtCsf3cVlAEknJd_13cytoscnpy_mcp5toolsNtB7_15CytoScnPyServer12analyze_code0B9_
FNDA:0,_RNCNvMs5_NtCsf3cVlAEknJd_13cytoscnpy_mcp5toolsNtB7_15CytoScnPyServer12analyze_path0B9_
FNDA:0,_RNCNvMs5_NtCsf3cVlAEknJd_13cytoscnpy_mcp5toolsNtB7_15CytoScnPyServer21cyclomatic_complexity0B9_
FNDA:0,_RNCNvMs5_NtCsf3cVlAEknJd_13cytoscnpy_mcp5toolsNtB7_15CytoScnPyServer21maintainability_index0B9_
FNDA:0,_RNvMNtCsf3cVlAEknJd_13cytoscnpy_mcp5toolsNtB2_15CytoScnPyServer3new
FNDA:0,_RNvMs5_NtCsf3cVlAEknJd_13cytoscnpy_mcp5toolsNtB5_15CytoScnPyServer10quick_scan
FNDA:0,_RNvMs5_NtCsf3cVlAEknJd_13cytoscnpy_mcp5toolsNtB5_15CytoScnPyServer12analyze_code
FNDA:0,_RNvMs5_NtCsf3cVlAEknJd_13cytoscnpy_mcp5toolsNtB5_15CytoScnPyServer12analyze_path
FNDA:0,_RNvMs5_NtCsf3cVlAEknJd_13cytoscnpy_mcp5toolsNtB5_15CytoScnPyServer21cyclomatic_complexity
FNDA:0,_RNvMs5_NtCsf3cVlAEknJd_13cytoscnpy_mcp5toolsNtB5_15CytoScnPyServer21maintainability_index
FNDA:0,_RNvNtCsf3cVlAEknJd_13cytoscnpy_mcp5tools12default_true
FNDA:0,_RNvNtCsf3cVlAEknJd_13cytoscnpy_mcp5tools16default_filename
FNDA:0,_RNvXs6_NtCsf3cVlAEknJd_13cytoscnpy_mcp5toolsNtB5_15CytoScnPyServerNtNtNtCsc2vCEL68yuW_4rmcp7handler6server13ServerHandler8get_info
FNDA:0,_RNvXs_NtCsf3cVlAEknJd_13cytoscnpy_mcp5toolsNtB4_15CytoScnPyServerNtNtCsgS7EKHCc5jD_4core7default7Default7default
FNDA:8,_RNvMNtCs42cSN1H4Ayx_13cytoscnpy_mcp5toolsNtB2_15CytoScnPyServer3new
FNDA:0,_RNvMs5_NtCs42cSN1H4Ayx_13cytoscnpy_mcp5toolsNtB5_15CytoScnPyServer10quick_scan
FNDA:7,_RNvMs5_NtCs42cSN1H4Ayx_13cytoscnpy_mcp5toolsNtB5_15CytoScnPyServer12analyze_code
FNDA:1,_RNvMs5_NtCs42cSN1H4Ayx_13cytoscnpy_mcp5toolsNtB5_15CytoScnPyServer12analyze_path
FNDA:0,_RNvMs5_NtCs42cSN1H4Ayx_13cytoscnpy_mcp5toolsNtB5_15CytoScnPyServer21cyclomatic_complexity
FNDA:0,_RNvMs5_NtCs42cSN1H4Ayx_13cytoscnpy_mcp5toolsNtB5_15CytoScnPyServer21maintainability_index
FNDA:21,_RNvNtCs42cSN1H4Ayx_13cytoscnpy_mcp5tools12default_true
FNDA:7,_RNvNtCs42cSN1H4Ayx_13cytoscnpy_mcp5tools16default_filename
FNDA:0,_RNvXs6_NtCs42cSN1H4Ayx_13cytoscnpy_mcp5toolsNtB5_15CytoScnPyServerNtNtNtCsc2vCEL68yuW_4rmcp7handler6server13ServerHandler8get_info
FNDA:1,_RNvXs_NtCs42cSN1H4Ayx_13cytoscnpy_mcp5toolsNtB4_15CytoScnPyServerNtNtCsgS7EKHCc5jD_4core7default7Default7default
FNDA:0,_RNCNvMs5_NtCs42cSN1H4Ayx_13cytoscnpy_mcp5toolsNtB7_15CytoScnPyServer10quick_scan0B9_
FNDA:0,_RNCNvMs5_NtCs42cSN1H4Ayx_13cytoscnpy_mcp5toolsNtB7_15CytoScnPyServer12analyze_code0B9_
FNDA:0,_RNCNvMs5_NtCs42cSN1H4Ayx_13cytoscnpy_mcp5toolsNtB7_15CytoScnPyServer12analyze_path0B9_
FNDA:0,_RNCNvMs5_NtCs42cSN1H4Ayx_13cytoscnpy_mcp5toolsNtB7_15CytoScnPyServer21cyclomatic_complexity0B9_
FNDA:0,_RNCNvMs5_NtCs42cSN1H4Ayx_13cytoscnpy_mcp5toolsNtB7_15CytoScnPyServer21maintainability_index0B9_
FNF:15
FNH:6
DA:38,21
DA:39,21
DA:40,21
DA:54,7
DA:55,7
DA:56,7
DA:76,8
DA:77,8
DA:78,8
DA:79,8
DA:80,8
DA:84,1
DA:85,1
DA:86,1
DA:105,1
DA:106,1
DA:107,1
DA:108,1
DA:109,1
DA:110,1
DA:112,1
DA:113,1
DA:114,1
DA:115,1
DA:116,1
DA:117,0
DA:119,0
DA:120,0
DA:121,0
DA:122,0
DA:124,0
DA:125,0
DA:126,0
DA:127,0
DA:128,1
DA:140,7
DA:141,7
DA:142,7
DA:143,7
DA:144,7
DA:145,7
DA:146,7
DA:147,7
DA:148,7
DA:150,7
DA:152,7
DA:153,7
DA:154,7
DA:155,7
DA:166,0
DA:167,0
DA:168,0
DA:169,0
DA:170,0
DA:171,0
DA:173,0
DA:174,0
DA:175,0
DA:176,0
DA:177,0
DA:178,0
DA:181,0
DA:182,0
DA:183,0
DA:184,0
DA:186,0
DA:189,0
DA:190,0
DA:191,0
DA:192,0
DA:193,0
DA:194,0
DA:195,0
DA:197,0
DA:198,0
DA:199,0
DA:200,0
DA:202,0
DA:206,0
DA:207,0
DA:208,0
DA:209,0
DA:217,0
DA:218,0
DA:219,0
DA:220,0
DA:221,0
DA:222,0
DA:224,0
DA:225,0
DA:226,0
DA:227,0
DA:228,0
DA:229,0
DA:231,0
DA:232,0
DA:233,0
DA:234,0
DA:235,0
DA:236,0
DA:237,0
DA:238,0
DA:239,0
DA:240,0
DA:242,0
DA:243,0
DA:244,0
DA:246,0
DA:247,0
DA:248,0
DA:250,0
DA:258,0
DA:259,0
DA:260,0
DA:261,0
DA:262,0
DA:263,0
DA:265,0
DA:266,0
DA:267,0
DA:268,0
DA:269,0
DA:270,0
DA:272,0
DA:273,0
DA:274,0
DA:275,0
DA:276,0
DA:277,0
DA:278,0
DA:279,0
DA:280,0
DA:281,0
DA:282,0
DA:284,0
DA:285,0
DA:286,0
DA:288,0
DA:289,0
DA:290,0
DA:292,0
DA:297,0
DA:298,0
DA:299,0
DA:300,0
DA:301,0
DA:302,0
DA:303,0
DA:304,0
DA:305,0
DA:306,0
DA:307,0
DA:308,0
DA:309,0
DA:310,0
DA:311,0
DA:312,0
DA:313,0
DA:314,0
DA:315,0
DA:316,0
DA:317,0
DA:318,0
DA:319,0
BRF:0
BRH:0
LF:169
LH:40
end_of_record
SF:E:\Github\CytoScnPy\cytoscnpy\src\analyzer\aggregation.rs
FN:322,_RNCNCNvMNtNtCsbhXKu17xbPQ_9cytoscnpy8analyzer11aggregationNtB8_9CytoScnPy17aggregate_resultss2_00Ba_
FN:329,_RNCNCNvMNtNtCsbhXKu17xbPQ_9cytoscnpy8analyzer11aggregationNtB8_9CytoScnPy17aggregate_resultss2_0s_0Ba_
FN:340,_RNCNCNvMNtNtCsbhXKu17xbPQ_9cytoscnpy8analyzer11aggregationNtB8_9CytoScnPy17aggregate_resultss3_00Ba_
FN:140,_RNCNvMNtNtCsbhXKu17xbPQ_9cytoscnpy8analyzer11aggregationNtB6_9CytoScnPy17aggregate_results0B8_
FN:183,_RNCNvMNtNtCsbhXKu17xbPQ_9cytoscnpy8analyzer11aggregationNtB6_9CytoScnPy17aggregate_resultss0_0B8_
FN:271,_RNCNvMNtNtCsbhXKu17xbPQ_9cytoscnpy8analyzer11aggregationNtB6_9CytoScnPy17aggregate_resultss1_0B8_
FN:321,_RNCNvMNtNtCsbhXKu17xbPQ_9cytoscnpy8analyzer11aggregationNtB6_9CytoScnPy17aggregate_resultss2_0B8_
FN:335,_RNCNvMNtNtCsbhXKu17xbPQ_9cytoscnpy8analyzer11aggregationNtB6_9CytoScnPy17aggregate_resultss3_0B8_
FN:181,_RNCNvMNtNtCsbhXKu17xbPQ_9cytoscnpy8analyzer11aggregationNtB6_9CytoScnPy17aggregate_resultss_0B8_
FN:17,_RNvMNtNtCsbhXKu17xbPQ_9cytoscnpy8analyzer11aggregationNtB4_9CytoScnPy17aggregate_results
FN:322,_RNCNCNvMNtNtCs2Eyh5DnjbiX_9cytoscnpy8analyzer11aggregationNtB8_9CytoScnPy17aggregate_resultss2_00Ba_
FN:329,_RNCNCNvMNtNtCs2Eyh5DnjbiX_9cytoscnpy8analyzer11aggregationNtB8_9CytoScnPy17aggregate_resultss2_0s_0Ba_
FN:340,_RNCNCNvMNtNtCs2Eyh5DnjbiX_9cytoscnpy8analyzer11aggregationNtB8_9CytoScnPy17aggregate_resultss3_00Ba_
FN:140,_RNCNvMNtNtCs2Eyh5DnjbiX_9cytoscnpy8analyzer11aggregationNtB6_9CytoScnPy17aggregate_results0B8_
FN:183,_RNCNvMNtNtCs2Eyh5DnjbiX_9cytoscnpy8analyzer11aggregationNtB6_9CytoScnPy17aggregate_resultss0_0B8_
FN:271,_RNCNvMNtNtCs2Eyh5DnjbiX_9cytoscnpy8analyzer11aggregationNtB6_9CytoScnPy17aggregate_resultss1_0B8_
FN:321,_RNCNvMNtNtCs2Eyh5DnjbiX_9cytoscnpy8analyzer11aggregationNtB6_9CytoScnPy17aggregate_resultss2_0B8_
FN:335,_RNCNvMNtNtCs2Eyh5DnjbiX_9cytoscnpy8analyzer11aggregationNtB6_9CytoScnPy17aggregate_resultss3_0B8_
FN:181,_RNCNvMNtNtCs2Eyh5DnjbiX_9cytoscnpy8analyzer11aggregationNtB6_9CytoScnPy17aggregate_resultss_0B8_
FN:17,_RNvMNtNtCs2Eyh5DnjbiX_9cytoscnpy8analyzer11aggregationNtB4_9CytoScnPy17aggregate_results
FNDA:28,_RNCNCNvMNtNtCsbhXKu17xbPQ_9cytoscnpy8analyzer11aggregationNtB8_9CytoScnPy17aggregate_resultss2_00Ba_
FNDA:28,_RNCNCNvMNtNtCsbhXKu17xbPQ_9cytoscnpy8analyzer11aggregationNtB8_9CytoScnPy17aggregate_resultss2_0s_0Ba_
FNDA:7,_RNCNCNvMNtNtCsbhXKu17xbPQ_9cytoscnpy8analyzer11aggregationNtB8_9CytoScnPy17aggregate_resultss3_00Ba_
FNDA:65,_RNCNvMNtNtCsbhXKu17xbPQ_9cytoscnpy8analyzer11aggregationNtB6_9CytoScnPy17aggregate_results0B8_
FNDA:562,_RNCNvMNtNtCsbhXKu17xbPQ_9cytoscnpy8analyzer11aggregationNtB6_9CytoScnPy17aggregate_resultss0_0B8_
FNDA:22,_RNCNvMNtNtCsbhXKu17xbPQ_9cytoscnpy8analyzer11aggregationNtB6_9CytoScnPy17aggregate_resultss1_0B8_
FNDA:28,_RNCNvMNtNtCsbhXKu17xbPQ_9cytoscnpy8analyzer11aggregationNtB6_9CytoScnPy17aggregate_resultss2_0B8_
FNDA:28,_RNCNvMNtNtCsbhXKu17xbPQ_9cytoscnpy8analyzer11aggregationNtB6_9CytoScnPy17aggregate_resultss3_0B8_
FNDA:562,_RNCNvMNtNtCsbhXKu17xbPQ_9cytoscnpy8analyzer11aggregationNtB6_9CytoScnPy17aggregate_resultss_0B8_
FNDA:133,_RNvMNtNtCsbhXKu17xbPQ_9cytoscnpy8analyzer11aggregationNtB4_9CytoScnPy17aggregate_results
FNDA:0,_RNCNCNvMNtNtCs2Eyh5DnjbiX_9cytoscnpy8analyzer11aggregationNtB8_9CytoScnPy17aggregate_resultss2_00Ba_
FNDA:0,_RNCNCNvMNtNtCs2Eyh5DnjbiX_9cytoscnpy8analyzer11aggregationNtB8_9CytoScnPy17aggregate_resultss2_0s_0Ba_
FNDA:0,_RNCNCNvMNtNtCs2Eyh5DnjbiX_9cytoscnpy8analyzer11aggregationNtB8_9CytoScnPy17aggregate_resultss3_00Ba_
FNDA:0,_RNCNvMNtNtCs2Eyh5DnjbiX_9cytoscnpy8analyzer11aggregationNtB6_9CytoScnPy17aggregate_results0B8_
FNDA:0,_RNCNvMNtNtCs2Eyh5DnjbiX_9cytoscnpy8analyzer11aggregationNtB6_9CytoScnPy17aggregate_resultss0_0B8_
FNDA:0,_RNCNvMNtNtCs2Eyh5DnjbiX_9cytoscnpy8analyzer11aggregationNtB6_9CytoScnPy17aggregate_resultss1_0B8_
FNDA:0,_RNCNvMNtNtCs2Eyh5DnjbiX_9cytoscnpy8analyzer11aggregationNtB6_9CytoScnPy17aggregate_resultss2_0B8_
FNDA:0,_RNCNvMNtNtCs2Eyh5DnjbiX_9cytoscnpy8analyzer11aggregationNtB6_9CytoScnPy17aggregate_resultss3_0B8_
FNDA:0,_RNCNvMNtNtCs2Eyh5DnjbiX_9cytoscnpy8analyzer11aggregationNtB6_9CytoScnPy17aggregate_resultss_0B8_
FNDA:0,_RNvMNtNtCs2Eyh5DnjbiX_9cytoscnpy8analyzer11aggregationNtB4_9CytoScnPy17aggregate_results
FNF:10
FNH:10
DA:17,133
DA:18,133
DA:19,133
DA:20,133
DA:21,133
DA:22,133
DA:23,133
DA:24,133
DA:25,133
DA:26,133
DA:27,133
DA:28,133
DA:29,133
DA:30,133
DA:31,133
DA:32,133
DA:33,133
DA:34,133
DA:35,133
DA:36,133
DA:37,133
DA:38,133
DA:39,133
DA:40,133
DA:41,133
DA:42,133
DA:43,133
DA:45,133
DA:46,133
DA:47,133
DA:48,133
DA:50,133
DA:51,133
DA:52,133
DA:54,133
DA:57,178
DA:59,178
DA:60,178
DA:61,178
DA:62,178
DA:63,178
DA:64,178
DA:65,178
DA:66,178
DA:67,178
DA:68,178
DA:69,178
DA:70,178
DA:71,178
DA:73,133
DA:75,178
DA:77,178
DA:80,178
DA:81,178
DA:82,178
DA:83,178
DA:84,178
DA:85,178
DA:86,178
DA:89,178
DA:90,178
DA:91,178
DA:92,178
DA:93,178
DA:94,178
DA:95,178
DA:96,178
DA:97,178
DA:98,178
DA:99,178
DA:100,178
DA:102,178
DA:103,178
DA:104,178
DA:105,178
DA:106,178
DA:107,178
DA:108,178
DA:109,178
DA:111,178
DA:114,1146
DA:115,968
DA:116,968
DA:118,179
DA:119,1
DA:120,1
DA:122,178
DA:123,178
DA:124,178
DA:125,178
DA:126,178
DA:128,178
DA:129,5
DA:130,5
DA:131,5
DA:132,173
DA:137,133
DA:138,695
DA:139,562
DA:140,65
DA:141,65
DA:142,65
DA:143,65
DA:144,65
DA:145,65
DA:146,497
DA:150,133
DA:152,171
DA:153,38
DA:154,2
DA:155,2
DA:158,2
DA:159,2
DA:160,2
DA:162,6
DA:163,6
DA:164,6
DA:165,0
DA:166,0
DA:170,133
DA:171,133
DA:172,133
DA:173,133
DA:174,133
DA:175,133
DA:177,133
DA:179,133
DA:180,133
DA:181,562
DA:182,133
DA:183,562
DA:185,133
DA:187,695
DA:188,562
DA:193,309
DA:194,145
DA:195,145
DA:196,0
DA:197,0
DA:198,309
DA:199,309
DA:200,309
DA:203,253
DA:206,253
DA:207,0
DA:208,0
DA:209,0
DA:210,0
DA:211,0
DA:212,0
DA:213,0
DA:214,0
DA:215,0
DA:216,0
DA:217,0
DA:220,253
DA:229,253
DA:230,253
DA:232,253
DA:233,183
DA:234,17
DA:235,166
DA:236,70
DA:237,0
DA:240,562
DA:243,562
DA:244,6
DA:245,556
DA:248,562
DA:249,36
DA:250,526
DA:252,562
DA:255,214
DA:256,167
DA:257,167
DA:258,103
DA:259,78
DA:260,56
DA:261,41
DA:262,15
DA:263,0
DA:265,47
DA:266,348
DA:270,133
DA:271,133
DA:273,169
DA:274,36
DA:276,27
DA:277,26
DA:278,25
DA:280,3
DA:281,24
DA:283,24
DA:284,24
DA:285,24
DA:286,5
DA:287,19
DA:288,0
DA:289,9
DA:293,133
DA:294,28
DA:295,28
DA:296,28
DA:297,28
DA:298,28
DA:299,28
DA:301,28
DA:302,28
DA:303,28
DA:304,28
DA:305,28
DA:306,28
DA:307,28
DA:308,28
DA:309,28
DA:310,28
DA:311,28
DA:312,28
DA:313,28
DA:314,28
DA:315,28
DA:316,28
DA:317,28
DA:319,28
DA:320,28
DA:321,28
DA:322,28
DA:323,28
DA:324,0
DA:325,0
DA:327,28
DA:329,28
DA:330,28
DA:331,28
DA:333,28
DA:334,28
DA:335,28
DA:336,28
DA:337,28
DA:338,28
DA:339,28
DA:340,28
DA:341,28
DA:342,28
DA:343,28
DA:345,105
DA:349,133
DA:350,133
DA:351,133
DA:352,133
DA:353,133
DA:354,133
DA:355,133
DA:356,133
DA:357,133
DA:358,133
DA:360,305
DA:361,172
DA:362,172
DA:364,311
DA:365,178
DA:366,100
DA:367,100
DA:370,133
DA:373,133
DA:374,133
DA:375,133
DA:376,133
DA:377,133
DA:378,133
DA:379,133
DA:380,133
DA:381,133
DA:382,133
DA:383,133
DA:384,133
DA:386,133
DA:387,133
DA:388,133
DA:389,133
DA:390,133
DA:391,133
DA:392,133
DA:393,133
DA:394,133
DA:395,5
DA:397,128
DA:399,133
DA:400,5
DA:402,128
DA:404,133
DA:405,133
DA:406,133
DA:407,133
DA:408,133
DA:409,133
DA:411,133
DA:413,133
BRF:0
BRH:0
LF:307
LH:287
end_of_record
SF:E:\Github\CytoScnPy\cytoscnpy\src\analyzer\builder.rs
FN:141,_RNCNvMNtNtCsbhXKu17xbPQ_9cytoscnpy8analyzer7builderNtB6_9CytoScnPy11count_files0B8_
FN:108,_RNvMNtNtCsbhXKu17xbPQ_9cytoscnpy8analyzer7builderNtB4_9CytoScnPy10with_ipynb
FN:87,_RNvMNtNtCsbhXKu17xbPQ_9cytoscnpy8analyzer7builderNtB4_9CytoScnPy10with_tests
FN:138,_RNvMNtNtCsbhXKu17xbPQ_9cytoscnpy8analyzer7builderNtB4_9CytoScnPy11count_files
FN:122,_RNvMNtNtCsbhXKu17xbPQ_9cytoscnpy8analyzer7builderNtB4_9CytoScnPy11with_config
FN:73,_RNvMNtNtCsbhXKu17xbPQ_9cytoscnpy8analyzer7builderNtB4_9CytoScnPy11with_danger
FN:80,_RNvMNtNtCsbhXKu17xbPQ_9cytoscnpy8analyzer7builderNtB4_9CytoScnPy12with_quality
FN:66,_RNvMNtNtCsbhXKu17xbPQ_9cytoscnpy8analyzer7builderNtB4_9CytoScnPy12with_secrets
FN:52,_RNvMNtNtCsbhXKu17xbPQ_9cytoscnpy8analyzer7builderNtB4_9CytoScnPy12with_verbose
FN:94,_RNvMNtNtCsbhXKu17xbPQ_9cytoscnpy8analyzer7builderNtB4_9CytoScnPy13with_excludes
FN:101,_RNvMNtNtCsbhXKu17xbPQ_9cytoscnpy8analyzer7builderNtB4_9CytoScnPy13with_includes
FN:59,_RNvMNtNtCsbhXKu17xbPQ_9cytoscnpy8analyzer7builderNtB4_9CytoScnPy15with_confidence
FN:129,_RNvMNtNtCsbhXKu17xbPQ_9cytoscnpy8analyzer7builderNtB4_9CytoScnPy16with_debug_delay
FN:115,_RNvMNtNtCsbhXKu17xbPQ_9cytoscnpy8analyzer7builderNtB4_9CytoScnPy16with_ipynb_cells
FN:10,_RNvMNtNtCsbhXKu17xbPQ_9cytoscnpy8analyzer7builderNtB4_9CytoScnPy3new
FN:45,_RNvMNtNtCsbhXKu17xbPQ_9cytoscnpy8analyzer7builderNtB4_9CytoScnPy9with_root
FN:141,_RNCNvMNtNtCs2Eyh5DnjbiX_9cytoscnpy8analyzer7builderNtB6_9CytoScnPy11count_files0B8_
FN:108,_RNvMNtNtCs2Eyh5DnjbiX_9cytoscnpy8analyzer7builderNtB4_9CytoScnPy10with_ipynb
FN:59,_RNvMNtNtCs2Eyh5DnjbiX_9cytoscnpy8analyzer7builderNtB4_9CytoScnPy15with_confidence
FN:129,_RNvMNtNtCs2Eyh5DnjbiX_9cytoscnpy8analyzer7builderNtB4_9CytoScnPy16with_debug_delay
FN:115,_RNvMNtNtCs2Eyh5DnjbiX_9cytoscnpy8analyzer7builderNtB4_9CytoScnPy16with_ipynb_cells
FN:87,_RNvMNtNtCs2Eyh5DnjbiX_9cytoscnpy8analyzer7builderNtB4_9CytoScnPy10with_tests
FN:138,_RNvMNtNtCs2Eyh5DnjbiX_9cytoscnpy8analyzer7builderNtB4_9CytoScnPy11count_files
FN:122,_RNvMNtNtCs2Eyh5DnjbiX_9cytoscnpy8analyzer7builderNtB4_9CytoScnPy11with_config
FN:73,_RNvMNtNtCs2Eyh5DnjbiX_9cytoscnpy8analyzer7builderNtB4_9CytoScnPy11with_danger
FN:80,_RNvMNtNtCs2Eyh5DnjbiX_9cytoscnpy8analyzer7builderNtB4_9CytoScnPy12with_quality
FN:66,_RNvMNtNtCs2Eyh5DnjbiX_9cytoscnpy8analyzer7builderNtB4_9CytoScnPy12with_secrets
FN:52,_RNvMNtNtCs2Eyh5DnjbiX_9cytoscnpy8analyzer7builderNtB4_9CytoScnPy12with_verbose
FN:94,_RNvMNtNtCs2Eyh5DnjbiX_9cytoscnpy8analyzer7builderNtB4_9CytoScnPy13with_excludes
FN:101,_RNvMNtNtCs2Eyh5DnjbiX_9cytoscnpy8analyzer7builderNtB4_9CytoScnPy13with_includes
FN:10,_RNvMNtNtCs2Eyh5DnjbiX_9cytoscnpy8analyzer7builderNtB4_9CytoScnPy3new
FN:45,_RNvMNtNtCs2Eyh5DnjbiX_9cytoscnpy8analyzer7builderNtB4_9CytoScnPy9with_root
FNDA:14,_RNCNvMNtNtCsbhXKu17xbPQ_9cytoscnpy8analyzer7builderNtB6_9CytoScnPy11count_files0B8_
FNDA:3,_RNvMNtNtCsbhXKu17xbPQ_9cytoscnpy8analyzer7builderNtB4_9CytoScnPy10with_ipynb
FNDA:119,_RNvMNtNtCsbhXKu17xbPQ_9cytoscnpy8analyzer7builderNtB4_9CytoScnPy10with_tests
FNDA:14,_RNvMNtNtCsbhXKu17xbPQ_9cytoscnpy8analyzer7builderNtB4_9CytoScnPy11count_files
FNDA:20,_RNvMNtNtCsbhXKu17xbPQ_9cytoscnpy8analyzer7builderNtB4_9CytoScnPy11with_config
FNDA:62,_RNvMNtNtCsbhXKu17xbPQ_9cytoscnpy8analyzer7builderNtB4_9CytoScnPy11with_danger
FNDA:57,_RNvMNtNtCsbhXKu17xbPQ_9cytoscnpy8analyzer7builderNtB4_9CytoScnPy12with_quality
FNDA:35,_RNvMNtNtCsbhXKu17xbPQ_9cytoscnpy8analyzer7builderNtB4_9CytoScnPy12with_secrets
FNDA:14,_RNvMNtNtCsbhXKu17xbPQ_9cytoscnpy8analyzer7builderNtB4_9CytoScnPy12with_verbose
FNDA:4,_RNvMNtNtCsbhXKu17xbPQ_9cytoscnpy8analyzer7builderNtB4_9CytoScnPy13with_excludes
FNDA:4,_RNvMNtNtCsbhXKu17xbPQ_9cytoscnpy8analyzer7builderNtB4_9CytoScnPy13with_includes
FNDA:115,_RNvMNtNtCsbhXKu17xbPQ_9cytoscnpy8analyzer7builderNtB4_9CytoScnPy15with_confidence
FNDA:0,_RNvMNtNtCsbhXKu17xbPQ_9cytoscnpy8analyzer7builderNtB4_9CytoScnPy16with_debug_delay
FNDA:0,_RNvMNtNtCsbhXKu17xbPQ_9cytoscnpy8analyzer7builderNtB4_9CytoScnPy16with_ipynb_cells
FNDA:29,_RNvMNtNtCsbhXKu17xbPQ_9cytoscnpy8analyzer7builderNtB4_9CytoScnPy3new
FNDA:14,_RNvMNtNtCsbhXKu17xbPQ_9cytoscnpy8analyzer7builderNtB4_9CytoScnPy9with_root
FNDA:0,_RNCNvMNtNtCs2Eyh5DnjbiX_9cytoscnpy8analyzer7builderNtB6_9CytoScnPy11count_files0B8_
FNDA:0,_RNvMNtNtCs2Eyh5DnjbiX_9cytoscnpy8analyzer7builderNtB4_9CytoScnPy10with_ipynb
FNDA:0,_RNvMNtNtCs2Eyh5DnjbiX_9cytoscnpy8analyzer7builderNtB4_9CytoScnPy15with_confidence
FNDA:0,_RNvMNtNtCs2Eyh5DnjbiX_9cytoscnpy8analyzer7builderNtB4_9CytoScnPy16with_debug_delay
FNDA:0,_RNvMNtNtCs2Eyh5DnjbiX_9cytoscnpy8analyzer7builderNtB4_9CytoScnPy16with_ipynb_cells
FNDA:0,_RNvMNtNtCs2Eyh5DnjbiX_9cytoscnpy8analyzer7builderNtB4_9CytoScnPy10with_tests
FNDA:0,_RNvMNtNtCs2Eyh5DnjbiX_9cytoscnpy8analyzer7builderNtB4_9CytoScnPy11count_files
FNDA:0,_RNvMNtNtCs2Eyh5DnjbiX_9cytoscnpy8analyzer7builderNtB4_9CytoScnPy11with_config
FNDA:0,_RNvMNtNtCs2Eyh5DnjbiX_9cytoscnpy8analyzer7builderNtB4_9CytoScnPy11with_danger
FNDA:0,_RNvMNtNtCs2Eyh5DnjbiX_9cytoscnpy8analyzer7builderNtB4_9CytoScnPy12with_quality
FNDA:0,_RNvMNtNtCs2Eyh5DnjbiX_9cytoscnpy8analyzer7builderNtB4_9CytoScnPy12with_secrets
FNDA:0,_RNvMNtNtCs2Eyh5DnjbiX_9cytoscnpy8analyzer7builderNtB4_9CytoScnPy12with_verbose
FNDA:0,_RNvMNtNtCs2Eyh5DnjbiX_9cytoscnpy8analyzer7builderNtB4_9CytoScnPy13with_excludes
FNDA:0,_RNvMNtNtCs2Eyh5DnjbiX_9cytoscnpy8analyzer7builderNtB4_9CytoScnPy13with_includes
FNDA:0,_RNvMNtNtCs2Eyh5DnjbiX_9cytoscnpy8analyzer7builderNtB4_9CytoScnPy3new
FNDA:0,_RNvMNtNtCs2Eyh5DnjbiX_9cytoscnpy8analyzer7builderNtB4_9CytoScnPy9with_root
FNF:16
FNH:14
DA:10,29
DA:11,29
DA:12,29
DA:13,29
DA:14,29
DA:15,29
DA:16,29
DA:17,29
DA:18,29
DA:19,29
DA:20,29
DA:21,29
DA:23,29
DA:24,29
DA:25,29
DA:26,29
DA:27,29
DA:28,29
DA:29,29
DA:30,29
DA:31,29
DA:32,29
DA:33,29
DA:34,29
DA:35,29
DA:36,29
DA:37,29
DA:38,29
DA:39,29
DA:40,29
DA:41,29
DA:45,14
DA:46,14
DA:47,14
DA:48,14
DA:52,14
DA:53,14
DA:54,14
DA:55,14
DA:59,115
DA:60,115
DA:61,115
DA:62,115
DA:66,35
DA:67,35
DA:68,35
DA:69,35
DA:73,62
DA:74,62
DA:75,62
DA:76,62
DA:80,57
DA:81,57
DA:82,57
DA:83,57
DA:87,119
DA:88,119
DA:89,119
DA:90,119
DA:94,4
DA:95,4
DA:96,4
DA:97,4
DA:101,4
DA:102,4
DA:103,4
DA:104,4
DA:108,3
DA:109,3
DA:110,3
DA:111,3
DA:115,0
DA:116,0
DA:117,0
DA:118,0
DA:122,20
DA:123,20
DA:124,20
DA:125,20
DA:129,0
DA:130,0
DA:131,0
DA:132,0
DA:138,14
DA:139,14
DA:140,14
DA:141,14
DA:142,14
DA:143,14
DA:144,14
DA:145,14
DA:146,14
DA:147,14
DA:148,14
DA:149,14
DA:150,14
DA:151,14
DA:152,14
DA:153,14
BRF:0
BRH:0
LF:100
LH:92
end_of_record
SF:E:\Github\CytoScnPy\cytoscnpy\src\analyzer\heuristics.rs
FN:122,_RNCNvNtNtCsbhXKu17xbPQ_9cytoscnpy8analyzer10heuristics15apply_penalties0B7_
FN:139,_RNCNvNtNtCsbhXKu17xbPQ_9cytoscnpy8analyzer10heuristics16apply_heuristics0B7_
FN:18,_RNvNtNtCsbhXKu17xbPQ_9cytoscnpy8analyzer10heuristics15apply_penalties
FN:133,_RNvNtNtCsbhXKu17xbPQ_9cytoscnpy8analyzer10heuristics16apply_heuristics
FN:18,_RNvNtNtCs2Eyh5DnjbiX_9cytoscnpy8analyzer10heuristics15apply_penalties
FN:133,_RNvNtNtCs2Eyh5DnjbiX_9cytoscnpy8analyzer10heuristics16apply_heuristics
FN:122,_RNCNvNtNtCs2Eyh5DnjbiX_9cytoscnpy8analyzer10heuristics15apply_penalties0B7_
FN:139,_RNCNvNtNtCs2Eyh5DnjbiX_9cytoscnpy8analyzer10heuristics16apply_heuristics0B7_
FNDA:754,_RNCNvNtNtCsbhXKu17xbPQ_9cytoscnpy8analyzer10heuristics15apply_penalties0B7_
FNDA:462,_RNCNvNtNtCsbhXKu17xbPQ_9cytoscnpy8analyzer10heuristics16apply_heuristics0B7_
FNDA:824,_RNvNtNtCsbhXKu17xbPQ_9cytoscnpy8analyzer10heuristics15apply_penalties
FNDA:1386,_RNvNtNtCsbhXKu17xbPQ_9cytoscnpy8analyzer10heuristics16apply_heuristics
FNDA:0,_RNvNtNtCs2Eyh5DnjbiX_9cytoscnpy8analyzer10heuristics15apply_penalties
FNDA:0,_RNvNtNtCs2Eyh5DnjbiX_9cytoscnpy8analyzer10heuristics16apply_heuristics
FNDA:0,_RNCNvNtNtCs2Eyh5DnjbiX_9cytoscnpy8analyzer10heuristics15apply_penalties0B7_
FNDA:0,_RNCNvNtNtCs2Eyh5DnjbiX_9cytoscnpy8analyzer10heuristics16apply_heuristics0B7_
FNF:4
FNH:4
DA:18,824
DA:19,824
DA:20,824
DA:21,824
DA:22,824
DA:23,824
DA:24,824
DA:27,824
DA:28,2
DA:29,2
DA:30,2
DA:31,0
DA:32,822
DA:36,822
DA:37,67
DA:38,67
DA:39,67
DA:40,67
DA:41,67
DA:42,0
DA:43,755
DA:47,755
DA:48,42
DA:49,713
DA:53,755
DA:54,42
DA:55,713
DA:58,755
DA:59,0
DA:60,755
DA:64,755
DA:65,60
DA:66,59
DA:67,59
DA:68,59
DA:69,1
DA:70,1
DA:71,754
DA:76,755
DA:77,2
DA:78,753
DA:81,755
DA:82,231
DA:83,0
DA:84,231
DA:85,231
DA:86,0
DA:87,231
DA:88,524
DA:93,755
DA:94,9
DA:95,9
DA:96,9
DA:97,746
DA:101,755
DA:102,6
DA:103,6
DA:104,6
DA:105,749
DA:108,755
DA:109,5
DA:110,5
DA:111,5
DA:112,750
DA:115,755
DA:116,3
DA:117,3
DA:118,3
DA:119,752
DA:122,755
DA:123,2
DA:124,2
DA:125,2
DA:126,753
DA:130,824
DA:133,1386
DA:136,1386
DA:137,332
DA:139,462
DA:141,18
DA:142,18
DA:143,18
DA:144,16
DA:145,12
DA:146,6
DA:147,6
DA:148,12
DA:149,314
DA:150,0
DA:151,1054
DA:155,1386
DA:156,138
DA:157,136
DA:158,134
DA:159,6
DA:160,6
DA:161,6
DA:162,1380
DA:167,1386
DA:168,10
DA:169,10
DA:170,10
DA:171,1376
DA:172,1386
BRF:0
BRH:0
LF:106
LH:100
end_of_record
SF:E:\Github\CytoScnPy\cytoscnpy\src\analyzer\mod.rs
FN:64,_RNvXNtCsbhXKu17xbPQ_9cytoscnpy8analyzerNtB2_9CytoScnPyNtNtCsgS7EKHCc5jD_4core7default7Default7default
FN:64,_RNvXNtCs2Eyh5DnjbiX_9cytoscnpy8analyzerNtB2_9CytoScnPyNtNtCsgS7EKHCc5jD_4core7default7Default7default
FNDA:160,_RNvXNtCsbhXKu17xbPQ_9cytoscnpy8analyzerNtB2_9CytoScnPyNtNtCsgS7EKHCc5jD_4core7default7Default7default
FNDA:0,_RNvXNtCs2Eyh5DnjbiX_9cytoscnpy8analyzerNtB2_9CytoScnPyNtNtCsgS7EKHCc5jD_4core7default7Default7default
FNF:1
FNH:1
DA:64,160
DA:65,160
DA:66,160
DA:67,160
DA:68,160
DA:69,160
DA:70,160
DA:71,160
DA:72,160
DA:73,160
DA:74,160
DA:75,160
DA:76,160
DA:77,160
DA:78,160
DA:79,160
DA:80,160
DA:81,160
DA:82,160
DA:83,160
BRF:0
BRH:0
LF:20
LH:20
end_of_record
SF:E:\Github\CytoScnPy\cytoscnpy\src\analyzer\single_file.rs
FN:613,_RNCNvMNtNtCsbhXKu17xbPQ_9cytoscnpy8analyzer11single_fileNtB6_9CytoScnPy12analyze_code0B8_
FN:849,_RNCNvMNtNtCsbhXKu17xbPQ_9cytoscnpy8analyzer11single_fileNtB6_9CytoScnPy12analyze_codes0_0B8_
FN:862,_RNCNvMNtNtCsbhXKu17xbPQ_9cytoscnpy8analyzer11single_fileNtB6_9CytoScnPy12analyze_codes1_0B8_
FN:715,_RNCNvMNtNtCsbhXKu17xbPQ_9cytoscnpy8analyzer11single_fileNtB6_9CytoScnPy12analyze_codes_0B8_
FN:49,_RNCNvMNtNtCsbhXKu17xbPQ_9cytoscnpy8analyzer11single_fileNtB6_9CytoScnPy19process_single_file0B8_
FN:250,_RNCNvMNtNtCsbhXKu17xbPQ_9cytoscnpy8analyzer11single_fileNtB6_9CytoScnPy19process_single_files0_0B8_
FN:441,_RNCNvMNtNtCsbhXKu17xbPQ_9cytoscnpy8analyzer11single_fileNtB6_9CytoScnPy19process_single_files1_0B8_
FN:454,_RNCNvMNtNtCsbhXKu17xbPQ_9cytoscnpy8analyzer11single_fileNtB6_9CytoScnPy19process_single_files2_0B8_
FN:115,_RNCNvMNtNtCsbhXKu17xbPQ_9cytoscnpy8analyzer11single_fileNtB6_9CytoScnPy19process_single_files_0B8_
FN:538,_RNvMNtNtCsbhXKu17xbPQ_9cytoscnpy8analyzer11single_fileNtB4_9CytoScnPy12analyze_code
FN:30,_RNvMNtNtCsbhXKu17xbPQ_9cytoscnpy8analyzer11single_fileNtB4_9CytoScnPy19process_single_file
FN:945,_RNvMNtNtCsbhXKu17xbPQ_9cytoscnpy8analyzer11single_fileNtB4_9CytoScnPy21refine_flow_sensitive
FN:613,_RNCNvMNtNtCs2Eyh5DnjbiX_9cytoscnpy8analyzer11single_fileNtB6_9CytoScnPy12analyze_code0B8_
FN:849,_RNCNvMNtNtCs2Eyh5DnjbiX_9cytoscnpy8analyzer11single_fileNtB6_9CytoScnPy12analyze_codes0_0B8_
FN:862,_RNCNvMNtNtCs2Eyh5DnjbiX_9cytoscnpy8analyzer11single_fileNtB6_9CytoScnPy12analyze_codes1_0B8_
FN:715,_RNCNvMNtNtCs2Eyh5DnjbiX_9cytoscnpy8analyzer11single_fileNtB6_9CytoScnPy12analyze_codes_0B8_
FN:538,_RNvMNtNtCs2Eyh5DnjbiX_9cytoscnpy8analyzer11single_fileNtB4_9CytoScnPy12analyze_code
FN:49,_RNCNvMNtNtCs2Eyh5DnjbiX_9cytoscnpy8analyzer11single_fileNtB6_9CytoScnPy19process_single_file0B8_
FN:250,_RNCNvMNtNtCs2Eyh5DnjbiX_9cytoscnpy8analyzer11single_fileNtB6_9CytoScnPy19process_single_files0_0B8_
FN:441,_RNCNvMNtNtCs2Eyh5DnjbiX_9cytoscnpy8analyzer11single_fileNtB6_9CytoScnPy19process_single_files1_0B8_
FN:454,_RNCNvMNtNtCs2Eyh5DnjbiX_9cytoscnpy8analyzer11single_fileNtB6_9CytoScnPy19process_single_files2_0B8_
FN:115,_RNCNvMNtNtCs2Eyh5DnjbiX_9cytoscnpy8analyzer11single_fileNtB6_9CytoScnPy19process_single_files_0B8_
FN:30,_RNvMNtNtCs2Eyh5DnjbiX_9cytoscnpy8analyzer11single_fileNtB4_9CytoScnPy19process_single_file
FN:945,_RNvMNtNtCs2Eyh5DnjbiX_9cytoscnpy8analyzer11single_fileNtB4_9CytoScnPy21refine_flow_sensitive
FNDA:41,_RNCNvMNtNtCsbhXKu17xbPQ_9cytoscnpy8analyzer11single_fileNtB6_9CytoScnPy12analyze_code0B8_
FNDA:1,_RNCNvMNtNtCsbhXKu17xbPQ_9cytoscnpy8analyzer11single_fileNtB6_9CytoScnPy12analyze_codes0_0B8_
FNDA:2,_RNCNvMNtNtCsbhXKu17xbPQ_9cytoscnpy8analyzer11single_fileNtB6_9CytoScnPy12analyze_codes1_0B8_
FNDA:8,_RNCNvMNtNtCsbhXKu17xbPQ_9cytoscnpy8analyzer11single_fileNtB6_9CytoScnPy12analyze_codes_0B8_
FNDA:178,_RNCNvMNtNtCsbhXKu17xbPQ_9cytoscnpy8analyzer11single_fileNtB6_9CytoScnPy19process_single_file0B8_
FNDA:45,_RNCNvMNtNtCsbhXKu17xbPQ_9cytoscnpy8analyzer11single_fileNtB6_9CytoScnPy19process_single_files0_0B8_
FNDA:0,_RNCNvMNtNtCsbhXKu17xbPQ_9cytoscnpy8analyzer11single_fileNtB6_9CytoScnPy19process_single_files1_0B8_
FNDA:0,_RNCNvMNtNtCsbhXKu17xbPQ_9cytoscnpy8analyzer11single_fileNtB6_9CytoScnPy19process_single_files2_0B8_
FNDA:199,_RNCNvMNtNtCsbhXKu17xbPQ_9cytoscnpy8analyzer11single_fileNtB6_9CytoScnPy19process_single_files_0B8_
FNDA:56,_RNvMNtNtCsbhXKu17xbPQ_9cytoscnpy8analyzer11single_fileNtB4_9CytoScnPy12analyze_code
FNDA:178,_RNvMNtNtCsbhXKu17xbPQ_9cytoscnpy8analyzer11single_fileNtB4_9CytoScnPy19process_single_file
FNDA:226,_RNvMNtNtCsbhXKu17xbPQ_9cytoscnpy8analyzer11single_fileNtB4_9CytoScnPy21refine_flow_sensitive
FNDA:0,_RNCNvMNtNtCs2Eyh5DnjbiX_9cytoscnpy8analyzer11single_fileNtB6_9CytoScnPy12analyze_code0B8_
FNDA:0,_RNCNvMNtNtCs2Eyh5DnjbiX_9cytoscnpy8analyzer11single_fileNtB6_9CytoScnPy12analyze_codes0_0B8_
FNDA:0,_RNCNvMNtNtCs2Eyh5DnjbiX_9cytoscnpy8analyzer11single_fileNtB6_9CytoScnPy12analyze_codes1_0B8_
FNDA:0,_RNCNvMNtNtCs2Eyh5DnjbiX_9cytoscnpy8analyzer11single_fileNtB6_9CytoScnPy12analyze_codes_0B8_
FNDA:0,_RNvMNtNtCs2Eyh5DnjbiX_9cytoscnpy8analyzer11single_fileNtB4_9CytoScnPy12analyze_code
FNDA:0,_RNCNvMNtNtCs2Eyh5DnjbiX_9cytoscnpy8analyzer11single_fileNtB6_9CytoScnPy19process_single_file0B8_
FNDA:0,_RNCNvMNtNtCs2Eyh5DnjbiX_9cytoscnpy8analyzer11single_fileNtB6_9CytoScnPy19process_single_files0_0B8_
FNDA:0,_RNCNvMNtNtCs2Eyh5DnjbiX_9cytoscnpy8analyzer11single_fileNtB6_9CytoScnPy19process_single_files1_0B8_
FNDA:0,_RNCNvMNtNtCs2Eyh5DnjbiX_9cytoscnpy8analyzer11single_fileNtB6_9CytoScnPy19process_single_files2_0B8_
FNDA:0,_RNCNvMNtNtCs2Eyh5DnjbiX_9cytoscnpy8analyzer11single_fileNtB6_9CytoScnPy19process_single_files_0B8_
FNDA:0,_RNvMNtNtCs2Eyh5DnjbiX_9cytoscnpy8analyzer11single_fileNtB4_9CytoScnPy19process_single_file
FNDA:0,_RNvMNtNtCs2Eyh5DnjbiX_9cytoscnpy8analyzer11single_fileNtB4_9CytoScnPy21refine_flow_sensitive
FNF:12
FNH:10
DA:30,178
DA:31,178
DA:32,178
DA:33,178
DA:34,178
DA:35,178
DA:36,178
DA:37,178
DA:38,178
DA:39,178
DA:40,178
DA:41,178
DA:42,178
DA:43,178
DA:44,178
DA:45,178
DA:46,178
DA:47,178
DA:48,178
DA:49,178
DA:51,178
DA:52,0
DA:53,178
DA:55,178
DA:56,178
DA:58,178
DA:59,12
DA:60,9
DA:61,3
DA:62,3
DA:63,3
DA:64,3
DA:65,3
DA:66,3
DA:67,3
DA:68,3
DA:69,3
DA:70,3
DA:71,3
DA:72,3
DA:73,3
DA:74,3
DA:75,3
DA:76,3
DA:77,3
DA:78,3
DA:79,3
DA:83,166
DA:84,166
DA:85,0
DA:86,0
DA:87,0
DA:88,0
DA:89,0
DA:90,0
DA:91,0
DA:92,0
DA:93,0
DA:94,0
DA:95,0
DA:96,0
DA:97,0
DA:98,0
DA:99,0
DA:100,0
DA:101,0
DA:102,0
DA:103,0
DA:108,175
DA:109,175
DA:110,175
DA:112,175
DA:113,175
DA:114,175
DA:115,199
DA:116,175
DA:118,175
DA:119,199
DA:120,199
DA:121,156
DA:122,156
DA:123,156
DA:124,153
DA:125,153
DA:126,0
DA:127,43
DA:128,43
DA:129,43
DA:131,175
DA:133,175
DA:134,175
DA:135,175
DA:136,175
DA:138,175
DA:139,175
DA:140,175
DA:141,175
DA:143,175
DA:144,171
DA:145,171
DA:147,171
DA:148,171
DA:149,0
DA:150,171
DA:152,171
DA:153,4
DA:154,4
DA:155,4
DA:156,4
DA:157,4
DA:158,4
DA:159,167
DA:161,171
DA:163,526
DA:164,355
DA:165,355
DA:166,355
DA:167,355
DA:169,172
DA:170,1
DA:171,1
DA:172,1
DA:173,1
DA:174,1
DA:177,171
DA:178,0
DA:179,0
DA:180,0
DA:181,0
DA:182,0
DA:185,171
DA:186,174
DA:187,3
DA:188,3
DA:189,3
DA:190,3
DA:191,3
DA:195,171
DA:198,171
DA:199,171
DA:200,733
DA:201,562
DA:202,562
DA:203,562
DA:204,562
DA:207,171
DA:208,171
DA:209,733
DA:210,562
DA:211,562
DA:213,733
DA:214,562
DA:215,562
DA:216,562
DA:217,562
DA:218,562
DA:219,562
DA:222,562
DA:223,290
DA:224,134
DA:226,156
DA:228,272
DA:231,562
DA:232,272
DA:236,272
DA:237,260
DA:238,22
DA:239,238
DA:240,12
DA:245,272
DA:246,272
DA:247,187
DA:249,70
DA:250,68
DA:252,2
DA:255,117
DA:258,272
DA:259,91
DA:260,8
DA:261,83
DA:262,181
DA:265,272
DA:266,0
DA:267,0
DA:268,0
DA:269,0
DA:270,0
DA:271,0
DA:272,0
DA:273,0
DA:274,0
DA:275,0
DA:276,272
DA:279,272
DA:280,30
DA:281,24
DA:283,6
DA:285,242
DA:286,290
DA:288,562
DA:292,733
DA:293,562
DA:294,36
DA:295,36
DA:296,526
DA:301,171
DA:302,171
DA:304,733
DA:306,562
DA:307,3
DA:308,3
DA:309,559
DA:313,559
DA:314,25
DA:315,18
DA:316,6
DA:317,6
DA:318,12
DA:319,7
DA:320,534
DA:323,560
DA:324,19
DA:325,12
DA:327,12
DA:328,12
DA:330,12
DA:331,12
DA:332,0
DA:333,7
DA:339,171
DA:340,171
DA:341,171
DA:342,171
DA:346,733
DA:347,562
DA:348,562
DA:349,562
DA:350,562
DA:351,562
DA:352,562
DA:354,562
DA:356,562
DA:357,65
DA:358,1
DA:359,1
DA:360,561
DA:363,171
DA:364,171
DA:365,28
DA:366,143
DA:367,171
DA:368,5
DA:369,166
DA:371,171
DA:372,32
DA:373,32
DA:374,32
DA:375,32
DA:376,32
DA:378,123
DA:379,91
DA:380,91
DA:382,54
DA:383,22
DA:384,22
DA:385,22
DA:386,22
DA:388,0
DA:389,22
DA:390,22
DA:391,10
DA:392,12
DA:393,1
DA:394,1
DA:395,12
DA:396,12
DA:397,12
DA:401,32
DA:402,28
DA:403,28
DA:404,28
DA:405,28
DA:406,28
DA:407,28
DA:410,28
DA:411,28
DA:412,28
DA:413,28
DA:414,28
DA:415,28
DA:416,28
DA:417,28
DA:418,28
DA:419,28
DA:420,28
DA:421,28
DA:422,28
DA:423,28
DA:424,28
DA:425,28
DA:426,28
DA:427,28
DA:430,28
DA:433,28
DA:434,28
DA:435,28
DA:437,4
DA:440,32
DA:441,0
DA:442,32
DA:445,32
DA:447,0
DA:448,0
DA:449,0
DA:450,0
DA:451,0
DA:452,0
DA:454,0
DA:455,0
DA:456,0
DA:457,0
DA:458,0
DA:459,0
DA:460,0
DA:462,0
DA:463,0
DA:464,32
DA:465,139
DA:467,171
DA:468,5
DA:469,5
DA:470,5
DA:471,5
DA:472,5
DA:473,5
DA:474,5
DA:476,5
DA:477,0
DA:478,0
DA:479,0
DA:480,0
DA:481,0
DA:482,0
DA:483,0
DA:484,0
DA:485,0
DA:486,0
DA:487,0
DA:488,0
DA:489,5
DA:490,166
DA:492,4
DA:493,4
DA:494,0
DA:495,0
DA:496,0
DA:497,0
DA:498,0
DA:499,0
DA:500,4
DA:501,4
DA:502,4
DA:503,4
DA:504,4
DA:505,4
DA:506,4
DA:510,175
DA:511,5
DA:512,170
DA:515,175
DA:516,175
DA:517,175
DA:518,175
DA:519,175
DA:520,175
DA:521,175
DA:522,175
DA:523,175
DA:524,5
DA:526,170
DA:528,175
DA:529,175
DA:530,175
DA:531,175
DA:533,178
DA:538,56
DA:539,56
DA:540,56
DA:541,56
DA:543,56
DA:544,56
DA:545,56
DA:546,56
DA:547,56
DA:549,56
DA:550,56
DA:551,56
DA:552,56
DA:554,56
DA:555,56
DA:556,56
DA:557,56
DA:559,56
DA:560,55
DA:561,55
DA:563,312
DA:564,257
DA:565,257
DA:566,257
DA:567,257
DA:570,55
DA:572,55
DA:573,55
DA:574,55
DA:575,55
DA:577,317
DA:578,262
DA:579,262
DA:580,262
DA:581,262
DA:582,262
DA:584,317
DA:585,262
DA:586,262
DA:587,262
DA:588,262
DA:589,262
DA:590,262
DA:592,262
DA:593,146
DA:594,64
DA:596,82
DA:598,116
DA:600,262
DA:601,116
DA:603,116
DA:604,106
DA:605,2
DA:606,104
DA:607,10
DA:609,116
DA:610,116
DA:611,102
DA:612,51
DA:613,50
DA:615,1
DA:618,51
DA:621,116
DA:622,14
DA:623,0
DA:624,14
DA:625,102
DA:627,116
DA:628,0
DA:629,0
DA:630,0
DA:631,0
DA:632,0
DA:633,0
DA:634,0
DA:635,0
DA:636,0
DA:637,0
DA:638,116
DA:640,116
DA:641,2
DA:642,2
DA:644,0
DA:646,114
DA:647,146
DA:648,262
DA:652,317
DA:653,262
DA:654,2
DA:655,2
DA:656,260
DA:660,55
DA:661,55
DA:663,317
DA:664,262
DA:665,49
DA:666,49
DA:667,213
DA:668,213
DA:669,2
DA:670,2
DA:671,1
DA:672,1
DA:673,1
DA:674,0
DA:675,211
DA:676,212
DA:677,1
DA:678,1
DA:679,1
DA:680,1
DA:682,1
DA:683,1
DA:684,0
DA:685,0
DA:690,55
DA:691,55
DA:692,55
DA:693,55
DA:696,317
DA:697,262
DA:698,262
DA:699,262
DA:700,262
DA:701,262
DA:702,262
DA:703,262
DA:704,262
DA:705,262
DA:709,55
DA:710,55
DA:711,55
DA:712,55
DA:713,317
DA:714,262
DA:715,8
DA:716,8
DA:717,8
DA:718,8
DA:719,8
DA:720,8
DA:721,8
DA:722,254
DA:726,55
DA:727,55
DA:729,62
DA:730,7
DA:731,0
DA:732,0
DA:734,0
DA:735,0
DA:736,0
DA:737,0
DA:738,0
DA:739,0
DA:740,0
DA:741,0
DA:742,0
DA:747,317
DA:748,262
DA:749,0
DA:750,262
DA:753,55
DA:754,19
DA:755,19
DA:756,0
DA:757,19
DA:758,19
DA:759,19
DA:760,19
DA:761,19
DA:762,19
DA:764,36
DA:767,55
DA:768,55
DA:769,36
DA:770,36
DA:771,55
DA:772,20
DA:773,35
DA:775,55
DA:776,37
DA:777,37
DA:778,37
DA:779,37
DA:780,37
DA:782,239
DA:783,202
DA:784,202
DA:786,179
DA:788,142
DA:789,0
DA:790,0
DA:791,0
DA:792,0
DA:793,0
DA:794,0
DA:797,142
DA:799,142
DA:800,122
DA:801,122
DA:802,6
DA:803,3
DA:804,20
DA:805,20
DA:806,20
DA:810,37
DA:811,36
DA:812,36
DA:813,36
DA:814,36
DA:815,36
DA:816,36
DA:819,32
DA:820,32
DA:821,32
DA:822,32
DA:823,32
DA:824,32
DA:825,32
DA:826,32
DA:827,32
DA:828,32
DA:829,32
DA:830,32
DA:831,32
DA:832,32
DA:833,32
DA:834,32
DA:835,32
DA:836,32
DA:838,32
DA:839,32
DA:841,32
DA:842,32
DA:843,32
DA:845,5
DA:848,37
DA:849,1
DA:850,36
DA:853,37
DA:855,2
DA:856,2
DA:857,1
DA:858,1
DA:859,1
DA:860,0
DA:862,2
DA:863,2
DA:864,2
DA:865,2
DA:866,0
DA:867,0
DA:868,0
DA:870,2
DA:871,2
DA:872,35
DA:873,18
DA:875,1
DA:876,1
DA:877,1
DA:878,1
DA:879,1
DA:880,1
DA:881,1
DA:882,1
DA:883,1
DA:884,1
DA:885,1
DA:886,1
DA:887,1
DA:892,56
DA:893,56
DA:894,56
DA:895,56
DA:896,56
DA:897,56
DA:898,56
DA:900,318
DA:901,262
DA:905,103
DA:906,0
DA:907,103
DA:909,103
DA:910,103
DA:911,77
DA:912,73
DA:913,65
DA:914,52
DA:915,16
DA:916,0
DA:918,159
DA:921,56
DA:922,56
DA:923,56
DA:924,56
DA:925,56
DA:926,56
DA:927,56
DA:928,56
DA:929,56
DA:930,56
DA:931,56
DA:932,56
DA:933,56
DA:934,56
DA:935,56
DA:936,56
DA:937,56
DA:938,56
DA:939,56
DA:940,56
DA:941,56
DA:942,56
DA:945,226
DA:946,226
DA:947,226
DA:948,226
DA:949,226
DA:950,226
DA:951,824
DA:952,824
DA:953,264
DA:954,560
DA:957,490
DA:958,264
DA:959,264
DA:960,7
DA:961,257
DA:962,257
DA:963,257
DA:964,257
DA:965,257
DA:966,257
DA:967,257
DA:969,257
DA:970,172
DA:971,1010
DA:972,1010
DA:973,550
DA:975,209
DA:976,209
DA:977,209
DA:978,209
DA:979,209
DA:980,25
DA:981,184
DA:982,0
DA:983,801
DA:985,85
DA:987,226
BRF:0
BRH:0
LF:745
LH:629
end_of_record
SF:E:\Github\CytoScnPy\cytoscnpy\src\analyzer\traversal.rs
FN:42,_RNCNvMNtNtCsbhXKu17xbPQ_9cytoscnpy8analyzer9traversalNtB6_9CytoScnPy13analyze_paths0B8_
FN:96,_RNCNvMNtNtCsbhXKu17xbPQ_9cytoscnpy8analyzer9traversalNtB6_9CytoScnPy17analyze_file_list0B8_
FN:114,_RNCNvMNtNtCsbhXKu17xbPQ_9cytoscnpy8analyzer9traversalNtB6_9CytoScnPy17analyze_file_lists_0B8_
FN:22,_RNvMNtNtCsbhXKu17xbPQ_9cytoscnpy8analyzer9traversalNtB4_9CytoScnPy13analyze_paths
FN:77,_RNvMNtNtCsbhXKu17xbPQ_9cytoscnpy8analyzer9traversalNtB4_9CytoScnPy17analyze_file_list
FN:64,_RNvMNtNtCsbhXKu17xbPQ_9cytoscnpy8analyzer9traversalNtB4_9CytoScnPy20collect_python_files
FN:161,_RNvMNtNtCsbhXKu17xbPQ_9cytoscnpy8analyzer9traversalNtB4_9CytoScnPy7analyze
FN:42,_RNCNvMNtNtCs2Eyh5DnjbiX_9cytoscnpy8analyzer9traversalNtB6_9CytoScnPy13analyze_paths0B8_
FN:96,_RNCNvMNtNtCs2Eyh5DnjbiX_9cytoscnpy8analyzer9traversalNtB6_9CytoScnPy17analyze_file_list0B8_
FN:114,_RNCNvMNtNtCs2Eyh5DnjbiX_9cytoscnpy8analyzer9traversalNtB6_9CytoScnPy17analyze_file_lists_0B8_
FN:22,_RNvMNtNtCs2Eyh5DnjbiX_9cytoscnpy8analyzer9traversalNtB4_9CytoScnPy13analyze_paths
FN:77,_RNvMNtNtCs2Eyh5DnjbiX_9cytoscnpy8analyzer9traversalNtB4_9CytoScnPy17analyze_file_list
FN:64,_RNvMNtNtCs2Eyh5DnjbiX_9cytoscnpy8analyzer9traversalNtB4_9CytoScnPy20collect_python_files
FN:161,_RNvMNtNtCs2Eyh5DnjbiX_9cytoscnpy8analyzer9traversalNtB4_9CytoScnPy7analyze
FNDA:25,_RNCNvMNtNtCsbhXKu17xbPQ_9cytoscnpy8analyzer9traversalNtB6_9CytoScnPy13analyze_paths0B8_
FNDA:4,_RNCNvMNtNtCsbhXKu17xbPQ_9cytoscnpy8analyzer9traversalNtB6_9CytoScnPy17analyze_file_list0B8_
FNDA:178,_RNCNvMNtNtCsbhXKu17xbPQ_9cytoscnpy8analyzer9traversalNtB6_9CytoScnPy17analyze_file_lists_0B8_
FNDA:30,_RNvMNtNtCsbhXKu17xbPQ_9cytoscnpy8analyzer9traversalNtB4_9CytoScnPy13analyze_paths
FNDA:133,_RNvMNtNtCsbhXKu17xbPQ_9cytoscnpy8analyzer9traversalNtB4_9CytoScnPy17analyze_file_list
FNDA:114,_RNvMNtNtCsbhXKu17xbPQ_9cytoscnpy8analyzer9traversalNtB4_9CytoScnPy20collect_python_files
FNDA:113,_RNvMNtNtCsbhXKu17xbPQ_9cytoscnpy8analyzer9traversalNtB4_9CytoScnPy7analyze
FNDA:0,_RNCNvMNtNtCs2Eyh5DnjbiX_9cytoscnpy8analyzer9traversalNtB6_9CytoScnPy13analyze_paths0B8_
FNDA:0,_RNCNvMNtNtCs2Eyh5DnjbiX_9cytoscnpy8analyzer9traversalNtB6_9CytoScnPy17analyze_file_list0B8_
FNDA:0,_RNCNvMNtNtCs2Eyh5DnjbiX_9cytoscnpy8analyzer9traversalNtB6_9CytoScnPy17analyze_file_lists_0B8_
FNDA:0,_RNvMNtNtCs2Eyh5DnjbiX_9cytoscnpy8analyzer9traversalNtB4_9CytoScnPy13analyze_paths
FNDA:0,_RNvMNtNtCs2Eyh5DnjbiX_9cytoscnpy8analyzer9traversalNtB4_9CytoScnPy17analyze_file_list
FNDA:0,_RNvMNtNtCs2Eyh5DnjbiX_9cytoscnpy8analyzer9traversalNtB4_9CytoScnPy20collect_python_files
FNDA:0,_RNvMNtNtCs2Eyh5DnjbiX_9cytoscnpy8analyzer9traversalNtB4_9CytoScnPy7analyze
FNF:7
FNH:7
DA:22,30
DA:24,30
DA:25,1
DA:26,29
DA:29,29
DA:30,9
DA:31,20
DA:34,20
DA:35,20
DA:37,46
DA:38,26
DA:40,25
DA:41,25
DA:42,25
DA:43,23
DA:44,23
DA:45,23
DA:46,1
DA:47,1
DA:48,1
DA:49,1
DA:50,1
DA:51,1
DA:55,20
DA:56,20
DA:57,20
DA:58,20
DA:60,30
DA:64,114
DA:65,114
DA:66,114
DA:67,114
DA:68,114
DA:69,114
DA:70,114
DA:72,114
DA:77,133
DA:78,133
DA:79,133
DA:80,133
DA:81,133
DA:82,133
DA:83,133
DA:84,133
DA:87,133
DA:90,133
DA:91,133
DA:92,4
DA:93,4
DA:94,4
DA:95,4
DA:96,4
DA:97,4
DA:98,4
DA:99,129
DA:105,133
DA:106,133
DA:108,131
DA:109,0
DA:110,131
DA:112,131
DA:113,131
DA:114,178
DA:115,178
DA:117,0
DA:118,0
DA:119,0
DA:120,0
DA:121,0
DA:122,0
DA:123,0
DA:124,0
DA:125,0
DA:126,0
DA:127,0
DA:128,0
DA:129,0
DA:130,0
DA:131,0
DA:132,178
DA:133,178
DA:134,178
DA:135,131
DA:136,131
DA:140,133
DA:143,133
DA:144,0
DA:145,0
DA:146,133
DA:148,133
DA:149,133
DA:161,113
DA:163,113
DA:165,113
DA:168,113
DA:169,113
BRF:0
BRH:0
LF:99
LH:81
end_of_record
SF:E:\Github\CytoScnPy\cytoscnpy\src\analyzer\types.rs
FN:36,_RNvMNtNtCsbhXKu17xbPQ_9cytoscnpy8analyzer5typesNtB2_13FixSuggestion11replacement
FN:26,_RNvMNtNtCsbhXKu17xbPQ_9cytoscnpy8analyzer5typesNtB2_13FixSuggestion8deletion
FN:36,_RNvMNtNtCs2Eyh5DnjbiX_9cytoscnpy8analyzer5typesNtB2_13FixSuggestion11replacement
FN:26,_RNvMNtNtCs2Eyh5DnjbiX_9cytoscnpy8analyzer5typesNtB2_13FixSuggestion8deletion
FNDA:2,_RNvMNtNtCsbhXKu17xbPQ_9cytoscnpy8analyzer5typesNtB2_13FixSuggestion11replacement
FNDA:967,_RNvMNtNtCsbhXKu17xbPQ_9cytoscnpy8analyzer5typesNtB2_13FixSuggestion8deletion
FNDA:0,_RNvMNtNtCs2Eyh5DnjbiX_9cytoscnpy8analyzer5typesNtB2_13FixSuggestion11replacement
FNDA:0,_RNvMNtNtCs2Eyh5DnjbiX_9cytoscnpy8analyzer5typesNtB2_13FixSuggestion8deletion
FNF:2
FNH:2
DA:26,967
DA:27,967
DA:28,967
DA:29,967
DA:30,967
DA:31,967
DA:32,967
DA:36,2
DA:37,2
DA:38,2
DA:39,2
DA:40,2
DA:41,2
DA:42,2
BRF:0
BRH:0
LF:14
LH:14
end_of_record
SF:E:\Github\CytoScnPy\cytoscnpy\src\analyzer\utils.rs
FN:8,_RNvNtNtCsbhXKu17xbPQ_9cytoscnpy8analyzer5utils23collect_docstring_lines
FN:45,_RNvNtNtCsbhXKu17xbPQ_9cytoscnpy8analyzer5utils26convert_byte_range_to_line
FN:53,_RNCNvNtNtCsbhXKu17xbPQ_9cytoscnpy8analyzer5utils26convert_byte_range_to_line0B7_
FN:53,_RNCNvNtNtCs2Eyh5DnjbiX_9cytoscnpy8analyzer5utils26convert_byte_range_to_line0B7_
FN:72,_RNvNtNtNtCs2Eyh5DnjbiX_9cytoscnpy8analyzer5utils5testss_30test_stack_overflow_protection
FN:8,_RNvNtNtCs2Eyh5DnjbiX_9cytoscnpy8analyzer5utils23collect_docstring_lines
FN:45,_RNvNtNtCs2Eyh5DnjbiX_9cytoscnpy8analyzer5utils26convert_byte_range_to_line
FNDA:0,_RNvNtNtCsbhXKu17xbPQ_9cytoscnpy8analyzer5utils23collect_docstring_lines
FNDA:4,_RNvNtNtCsbhXKu17xbPQ_9cytoscnpy8analyzer5utils26convert_byte_range_to_line
FNDA:4,_RNCNvNtNtCsbhXKu17xbPQ_9cytoscnpy8analyzer5utils26convert_byte_range_to_line0B7_
FNDA:0,_RNCNvNtNtCs2Eyh5DnjbiX_9cytoscnpy8analyzer5utils26convert_byte_range_to_line0B7_
FNDA:1,_RNvNtNtNtCs2Eyh5DnjbiX_9cytoscnpy8analyzer5utils5testss_30test_stack_overflow_protection
FNDA:402,_RNvNtNtCs2Eyh5DnjbiX_9cytoscnpy8analyzer5utils23collect_docstring_lines
FNDA:0,_RNvNtNtCs2Eyh5DnjbiX_9cytoscnpy8analyzer5utils26convert_byte_range_to_line
FNF:4
FNH:4
DA:8,402
DA:9,402
DA:10,402
DA:11,402
DA:12,402
DA:13,402
DA:14,402
DA:15,1
DA:16,401
DA:18,401
DA:19,400
DA:20,400
DA:21,400
DA:22,400
DA:23,400
DA:24,400
DA:25,0
DA:26,1
DA:28,1202
DA:29,801
DA:30,401
DA:31,401
DA:32,401
DA:33,0
DA:34,0
DA:35,0
DA:36,400
DA:39,402
DA:45,4
DA:49,4
DA:50,0
DA:53,4
DA:54,4
DA:56,4
DA:57,4
DA:59,0
DA:61,4
DA:62,4
DA:63,4
DA:72,1
DA:74,1
DA:75,1
DA:76,500
DA:77,500
DA:78,500
DA:79,500
DA:80,500
DA:81,1
DA:82,1
DA:84,1
DA:85,1
DA:86,1
DA:89,1
DA:92,1
DA:93,1
BRF:0
BRH:0
LF:56
LH:50
end_of_record
SF:E:\Github\CytoScnPy\cytoscnpy\src\cfg\flow.rs
FN:97,_RNCNvMNtNtCsbhXKu17xbPQ_9cytoscnpy3cfg4flowNtB4_10FlowResult11is_def_used0B8_
FN:104,_RNCNvMNtNtCsbhXKu17xbPQ_9cytoscnpy3cfg4flowNtB4_10FlowResult11is_def_useds_0B8_
FN:61,_RNCNvNtNtCsbhXKu17xbPQ_9cytoscnpy3cfg4flow28analyze_reaching_definitions0B7_
FN:86,_RNvMNtNtCsbhXKu17xbPQ_9cytoscnpy3cfg4flowNtB2_10FlowResult11is_def_used
FN:26,_RNvNtNtCsbhXKu17xbPQ_9cytoscnpy3cfg4flow28analyze_reaching_definitions
FN:135,_RNCNCNvNtNtNtCs2Eyh5DnjbiX_9cytoscnpy3cfg4flow5testss_31test_reaching_definitions_match00Bb_
FN:135,_RNCNvNtNtNtCs2Eyh5DnjbiX_9cytoscnpy3cfg4flow5testss_31test_reaching_definitions_match0B9_
FN:86,_RNvMNtNtCs2Eyh5DnjbiX_9cytoscnpy3cfg4flowNtB2_10FlowResult11is_def_used
FN:26,_RNvNtNtCs2Eyh5DnjbiX_9cytoscnpy3cfg4flow28analyze_reaching_definitions
FN:154,_RNvNtNtNtCs2Eyh5DnjbiX_9cytoscnpy3cfg4flow5testss_26test_dead_def_in_match_arm
FN:119,_RNvNtNtNtCs2Eyh5DnjbiX_9cytoscnpy3cfg4flow5testss_31test_reaching_definitions_match
FN:97,_RNCNvMNtNtCs2Eyh5DnjbiX_9cytoscnpy3cfg4flowNtB4_10FlowResult11is_def_used0B8_
FN:104,_RNCNvMNtNtCs2Eyh5DnjbiX_9cytoscnpy3cfg4flowNtB4_10FlowResult11is_def_useds_0B8_
FN:61,_RNCNvNtNtCs2Eyh5DnjbiX_9cytoscnpy3cfg4flow28analyze_reaching_definitions0B7_
FNDA:498,_RNCNvMNtNtCsbhXKu17xbPQ_9cytoscnpy3cfg4flowNtB4_10FlowResult11is_def_used0B8_
FNDA:139,_RNCNvMNtNtCsbhXKu17xbPQ_9cytoscnpy3cfg4flowNtB4_10FlowResult11is_def_useds_0B8_
FNDA:444,_RNCNvNtNtCsbhXKu17xbPQ_9cytoscnpy3cfg4flow28analyze_reaching_definitions0B7_
FNDA:209,_RNvMNtNtCsbhXKu17xbPQ_9cytoscnpy3cfg4flowNtB2_10FlowResult11is_def_used
FNDA:172,_RNvNtNtCsbhXKu17xbPQ_9cytoscnpy3cfg4flow28analyze_reaching_definitions
FNDA:3,_RNCNCNvNtNtNtCs2Eyh5DnjbiX_9cytoscnpy3cfg4flow5testss_31test_reaching_definitions_match00Bb_
FNDA:6,_RNCNvNtNtNtCs2Eyh5DnjbiX_9cytoscnpy3cfg4flow5testss_31test_reaching_definitions_match0B9_
FNDA:4,_RNvMNtNtCs2Eyh5DnjbiX_9cytoscnpy3cfg4flowNtB2_10FlowResult11is_def_used
FNDA:2,_RNvNtNtCs2Eyh5DnjbiX_9cytoscnpy3cfg4flow28analyze_reaching_definitions
FNDA:1,_RNvNtNtNtCs2Eyh5DnjbiX_9cytoscnpy3cfg4flow5testss_26test_dead_def_in_match_arm
FNDA:1,_RNvNtNtNtCs2Eyh5DnjbiX_9cytoscnpy3cfg4flow5testss_31test_reaching_definitions_match
FNDA:0,_RNCNvMNtNtCs2Eyh5DnjbiX_9cytoscnpy3cfg4flowNtB4_10FlowResult11is_def_used0B8_
FNDA:4,_RNCNvMNtNtCs2Eyh5DnjbiX_9cytoscnpy3cfg4flowNtB4_10FlowResult11is_def_useds_0B8_
FNDA:16,_RNCNvNtNtCs2Eyh5DnjbiX_9cytoscnpy3cfg4flow28analyze_reaching_definitions0B7_
FNF:9
FNH:9
DA:26,174
DA:27,174
DA:30,559
DA:31,385
DA:32,385
DA:35,174
DA:36,174
DA:38,437
DA:39,263
DA:41,951
DA:42,688
DA:45,688
DA:46,1294
DA:47,606
DA:48,2529
DA:49,1923
DA:50,1923
DA:51,0
DA:58,688
DA:61,688
DA:63,2064
DA:64,1376
DA:65,1372
DA:66,1372
DA:69,688
DA:70,688
DA:71,296
DA:72,296
DA:73,296
DA:74,392
DA:75,0
DA:79,174
DA:80,174
DA:86,213
DA:87,213
DA:89,687
DA:90,592
DA:93,592
DA:94,196
DA:95,196
DA:96,196
DA:97,498
DA:99,74
DA:100,518
DA:103,518
DA:104,261
DA:106,44
DA:107,474
DA:109,95
DA:110,213
DA:119,1
DA:120,1
DA:121,1
DA:122,1
DA:123,1
DA:124,1
DA:125,1
DA:126,1
DA:127,1
DA:128,1
DA:129,1
DA:132,1
DA:133,1
DA:134,1
DA:135,6
DA:136,1
DA:137,1
DA:138,1
DA:140,1
DA:141,1
DA:144,1
DA:145,1
DA:147,1
DA:148,1
DA:149,0
DA:151,1
DA:154,1
DA:155,1
DA:156,1
DA:157,1
DA:158,1
DA:159,1
DA:160,1
DA:161,1
DA:162,1
DA:163,1
DA:164,1
DA:168,1
DA:169,1
DA:171,1
DA:172,1
DA:173,1
BRF:0
BRH:0
LF:97
LH:94
end_of_record
SF:E:\Github\CytoScnPy\cytoscnpy\src\cfg\mod.rs
FN:640,_RNCNCNvMs0_NtCsbhXKu17xbPQ_9cytoscnpy3cfgNtB9_10CfgBuilder5build00Bb_
FN:635,_RNCNvMs0_NtCsbhXKu17xbPQ_9cytoscnpy3cfgNtB7_10CfgBuilder5build0B9_
FN:465,_RNCNvMs0_NtCsbhXKu17xbPQ_9cytoscnpy3cfgNtB7_10CfgBuilder8visit_if0B9_
FN:97,_RNvMNtCsbhXKu17xbPQ_9cytoscnpy3cfgNtB2_10BasicBlock3new
FN:360,_RNvMs0_NtCsbhXKu17xbPQ_9cytoscnpy3cfgNtB5_10CfgBuilder10visit_stmt
FN:590,_RNvMs0_NtCsbhXKu17xbPQ_9cytoscnpy3cfgNtB5_10CfgBuilder11visit_match
FN:509,_RNvMs0_NtCsbhXKu17xbPQ_9cytoscnpy3cfgNtB5_10CfgBuilder11visit_while
FN:323,_RNvMs0_NtCsbhXKu17xbPQ_9cytoscnpy3cfgNtB5_10CfgBuilder15build_from_body
FN:329,_RNvMs0_NtCsbhXKu17xbPQ_9cytoscnpy3cfgNtB5_10CfgBuilder18collect_expr_names
FN:349,_RNvMs0_NtCsbhXKu17xbPQ_9cytoscnpy3cfgNtB5_10CfgBuilder18collect_stmt_names
FN:290,_RNvMs0_NtCsbhXKu17xbPQ_9cytoscnpy3cfgNtB5_10CfgBuilder19build_from_function
FN:339,_RNvMs0_NtCsbhXKu17xbPQ_9cytoscnpy3cfgNtB5_10CfgBuilder21collect_pattern_names
FN:258,_RNvMs0_NtCsbhXKu17xbPQ_9cytoscnpy3cfgNtB5_10CfgBuilder3new
FN:630,_RNvMs0_NtCsbhXKu17xbPQ_9cytoscnpy3cfgNtB5_10CfgBuilder5build
FN:275,_RNvMs0_NtCsbhXKu17xbPQ_9cytoscnpy3cfgNtB5_10CfgBuilder8add_edge
FN:284,_RNvMs0_NtCsbhXKu17xbPQ_9cytoscnpy3cfgNtB5_10CfgBuilder8add_stmt
FN:430,_RNvMs0_NtCsbhXKu17xbPQ_9cytoscnpy3cfgNtB5_10CfgBuilder8visit_if
FN:269,_RNvMs0_NtCsbhXKu17xbPQ_9cytoscnpy3cfgNtB5_10CfgBuilder9new_block
FN:477,_RNvMs0_NtCsbhXKu17xbPQ_9cytoscnpy3cfgNtB5_10CfgBuilder9visit_for
FN:541,_RNvMs0_NtCsbhXKu17xbPQ_9cytoscnpy3cfgNtB5_10CfgBuilder9visit_try
FN:679,_RNvMs1_NtCsbhXKu17xbPQ_9cytoscnpy3cfgNtB5_3Cfg11fingerprint
FN:663,_RNvMs1_NtCsbhXKu17xbPQ_9cytoscnpy3cfgNtB5_3Cfg11from_source
FN:655,_RNvMs1_NtCsbhXKu17xbPQ_9cytoscnpy3cfgNtB5_3Cfg13from_function
FN:719,_RNvMs1_NtCsbhXKu17xbPQ_9cytoscnpy3cfgNtB5_3Cfg16similarity_score
FN:707,_RNvMs1_NtCsbhXKu17xbPQ_9cytoscnpy3cfgNtB5_3Cfg23is_behaviorally_similar
FN:145,_RNvXs_NtCsbhXKu17xbPQ_9cytoscnpy3cfgNtB4_13NameCollectorNtNtCs8PIGe9Luacy_15ruff_python_ast7visitor7Visitor10visit_expr
FN:160,_RNvXs_NtCsbhXKu17xbPQ_9cytoscnpy3cfgNtB4_13NameCollectorNtNtCs8PIGe9Luacy_15ruff_python_ast7visitor7Visitor10visit_stmt
FN:216,_RNvXs_NtCsbhXKu17xbPQ_9cytoscnpy3cfgNtB4_13NameCollectorNtNtCs8PIGe9Luacy_15ruff_python_ast7visitor7Visitor13visit_pattern
FN:640,_RNCNCNvMs0_NtCs2Eyh5DnjbiX_9cytoscnpy3cfgNtB9_10CfgBuilder5build00Bb_
FN:635,_RNCNvMs0_NtCs2Eyh5DnjbiX_9cytoscnpy3cfgNtB7_10CfgBuilder5build0B9_
FN:465,_RNCNvMs0_NtCs2Eyh5DnjbiX_9cytoscnpy3cfgNtB7_10CfgBuilder8visit_if0B9_
FN:826,_RNCNvNtNtCs2Eyh5DnjbiX_9cytoscnpy3cfg5testss_27test_cfg_from_source_simple0B7_
FN:828,_RNCNvNtNtCs2Eyh5DnjbiX_9cytoscnpy3cfg5testss_27test_cfg_from_source_simples0_0B7_
FN:829,_RNCNvNtNtCs2Eyh5DnjbiX_9cytoscnpy3cfg5testss_27test_cfg_from_source_simples1_0B7_
FN:827,_RNCNvNtNtCs2Eyh5DnjbiX_9cytoscnpy3cfg5testss_27test_cfg_from_source_simples_0B7_
FN:842,_RNCNvNtNtCs2Eyh5DnjbiX_9cytoscnpy3cfg5testss_28test_cfg_from_source_with_if0B7_
FN:707,_RNvMs1_NtCs2Eyh5DnjbiX_9cytoscnpy3cfgNtB5_3Cfg23is_behaviorally_similar
FN:784,_RNvNtNtCs2Eyh5DnjbiX_9cytoscnpy3cfg5testss_20test_cfg_fingerprint
FN:816,_RNvNtNtCs2Eyh5DnjbiX_9cytoscnpy3cfg5testss_27test_cfg_from_source_simple
FN:833,_RNvNtNtCs2Eyh5DnjbiX_9cytoscnpy3cfg5testss_28test_cfg_from_source_with_if
FN:97,_RNvMNtCs2Eyh5DnjbiX_9cytoscnpy3cfgNtB2_10BasicBlock3new
FN:360,_RNvMs0_NtCs2Eyh5DnjbiX_9cytoscnpy3cfgNtB5_10CfgBuilder10visit_stmt
FN:590,_RNvMs0_NtCs2Eyh5DnjbiX_9cytoscnpy3cfgNtB5_10CfgBuilder11visit_match
FN:509,_RNvMs0_NtCs2Eyh5DnjbiX_9cytoscnpy3cfgNtB5_10CfgBuilder11visit_while
FN:323,_RNvMs0_NtCs2Eyh5DnjbiX_9cytoscnpy3cfgNtB5_10CfgBuilder15build_from_body
FN:329,_RNvMs0_NtCs2Eyh5DnjbiX_9cytoscnpy3cfgNtB5_10CfgBuilder18collect_expr_names
FN:349,_RNvMs0_NtCs2Eyh5DnjbiX_9cytoscnpy3cfgNtB5_10CfgBuilder18collect_stmt_names
FN:290,_RNvMs0_NtCs2Eyh5DnjbiX_9cytoscnpy3cfgNtB5_10CfgBuilder19build_from_function
FN:339,_RNvMs0_NtCs2Eyh5DnjbiX_9cytoscnpy3cfgNtB5_10CfgBuilder21collect_pattern_names
FN:258,_RNvMs0_NtCs2Eyh5DnjbiX_9cytoscnpy3cfgNtB5_10CfgBuilder3new
FN:630,_RNvMs0_NtCs2Eyh5DnjbiX_9cytoscnpy3cfgNtB5_10CfgBuilder5build
FN:275,_RNvMs0_NtCs2Eyh5DnjbiX_9cytoscnpy3cfgNtB5_10CfgBuilder8add_edge
FN:284,_RNvMs0_NtCs2Eyh5DnjbiX_9cytoscnpy3cfgNtB5_10CfgBuilder8add_stmt
FN:430,_RNvMs0_NtCs2Eyh5DnjbiX_9cytoscnpy3cfgNtB5_10CfgBuilder8visit_if
FN:269,_RNvMs0_NtCs2Eyh5DnjbiX_9cytoscnpy3cfgNtB5_10CfgBuilder9new_block
FN:477,_RNvMs0_NtCs2Eyh5DnjbiX_9cytoscnpy3cfgNtB5_10CfgBuilder9visit_for
FN:541,_RNvMs0_NtCs2Eyh5DnjbiX_9cytoscnpy3cfgNtB5_10CfgBuilder9visit_try
FN:679,_RNvMs1_NtCs2Eyh5DnjbiX_9cytoscnpy3cfgNtB5_3Cfg11fingerprint
FN:663,_RNvMs1_NtCs2Eyh5DnjbiX_9cytoscnpy3cfgNtB5_3Cfg11from_source
FN:655,_RNvMs1_NtCs2Eyh5DnjbiX_9cytoscnpy3cfgNtB5_3Cfg13from_function
FN:719,_RNvMs1_NtCs2Eyh5DnjbiX_9cytoscnpy3cfgNtB5_3Cfg16similarity_score
FN:145,_RNvXs_NtCs2Eyh5DnjbiX_9cytoscnpy3cfgNtB4_13NameCollectorNtNtCs8PIGe9Luacy_15ruff_python_ast7visitor7Visitor10visit_expr
FN:160,_RNvXs_NtCs2Eyh5DnjbiX_9cytoscnpy3cfgNtB4_13NameCollectorNtNtCs8PIGe9Luacy_15ruff_python_ast7visitor7Visitor10visit_stmt
FN:216,_RNvXs_NtCs2Eyh5DnjbiX_9cytoscnpy3cfgNtB4_13NameCollectorNtNtCs8PIGe9Luacy_15ruff_python_ast7visitor7Visitor13visit_pattern
FNDA:141,_RNCNCNvMs0_NtCsbhXKu17xbPQ_9cytoscnpy3cfgNtB9_10CfgBuilder5build00Bb_
FNDA:373,_RNCNvMs0_NtCsbhXKu17xbPQ_9cytoscnpy3cfgNtB7_10CfgBuilder5build0B9_
FNDA:9,_RNCNvMs0_NtCsbhXKu17xbPQ_9cytoscnpy3cfgNtB7_10CfgBuilder8visit_if0B9_
FNDA:373,_RNvMNtCsbhXKu17xbPQ_9cytoscnpy3cfgNtB2_10BasicBlock3new
FNDA:432,_RNvMs0_NtCsbhXKu17xbPQ_9cytoscnpy3cfgNtB5_10CfgBuilder10visit_stmt
FNDA:8,_RNvMs0_NtCsbhXKu17xbPQ_9cytoscnpy3cfgNtB5_10CfgBuilder11visit_match
FNDA:2,_RNvMs0_NtCsbhXKu17xbPQ_9cytoscnpy3cfgNtB5_10CfgBuilder11visit_while
FNDA:107,_RNvMs0_NtCsbhXKu17xbPQ_9cytoscnpy3cfgNtB5_10CfgBuilder15build_from_body
FNDA:85,_RNvMs0_NtCsbhXKu17xbPQ_9cytoscnpy3cfgNtB5_10CfgBuilder18collect_expr_names
FNDA:360,_RNvMs0_NtCsbhXKu17xbPQ_9cytoscnpy3cfgNtB5_10CfgBuilder18collect_stmt_names
FNDA:172,_RNvMs0_NtCsbhXKu17xbPQ_9cytoscnpy3cfgNtB5_10CfgBuilder19build_from_function
FNDA:24,_RNvMs0_NtCsbhXKu17xbPQ_9cytoscnpy3cfgNtB5_10CfgBuilder21collect_pattern_names
FNDA:172,_RNvMs0_NtCsbhXKu17xbPQ_9cytoscnpy3cfgNtB5_10CfgBuilder3new
FNDA:172,_RNvMs0_NtCsbhXKu17xbPQ_9cytoscnpy3cfgNtB5_10CfgBuilder5build
FNDA:290,_RNvMs0_NtCsbhXKu17xbPQ_9cytoscnpy3cfgNtB5_10CfgBuilder8add_edge
FNDA:432,_RNvMs0_NtCsbhXKu17xbPQ_9cytoscnpy3cfgNtB5_10CfgBuilder8add_stmt
FNDA:54,_RNvMs0_NtCsbhXKu17xbPQ_9cytoscnpy3cfgNtB5_10CfgBuilder8visit_if
FNDA:201,_RNvMs0_NtCsbhXKu17xbPQ_9cytoscnpy3cfgNtB5_10CfgBuilder9new_block
FNDA:3,_RNvMs0_NtCsbhXKu17xbPQ_9cytoscnpy3cfgNtB5_10CfgBuilder9visit_for
FNDA:2,_RNvMs0_NtCsbhXKu17xbPQ_9cytoscnpy3cfgNtB5_10CfgBuilder9visit_try
FNDA:0,_RNvMs1_NtCsbhXKu17xbPQ_9cytoscnpy3cfgNtB5_3Cfg11fingerprint
FNDA:257,_RNvMs1_NtCsbhXKu17xbPQ_9cytoscnpy3cfgNtB5_3Cfg11from_source
FNDA:172,_RNvMs1_NtCsbhXKu17xbPQ_9cytoscnpy3cfgNtB5_3Cfg13from_function
FNDA:0,_RNvMs1_NtCsbhXKu17xbPQ_9cytoscnpy3cfgNtB5_3Cfg16similarity_score
FNDA:0,_RNvMs1_NtCsbhXKu17xbPQ_9cytoscnpy3cfgNtB5_3Cfg23is_behaviorally_similar
FNDA:799,_RNvXs_NtCsbhXKu17xbPQ_9cytoscnpy3cfgNtB4_13NameCollectorNtNtCs8PIGe9Luacy_15ruff_python_ast7visitor7Visitor10visit_expr
FNDA:360,_RNvXs_NtCsbhXKu17xbPQ_9cytoscnpy3cfgNtB4_13NameCollectorNtNtCs8PIGe9Luacy_15ruff_python_ast7visitor7Visitor10visit_stmt
FNDA:58,_RNvXs_NtCsbhXKu17xbPQ_9cytoscnpy3cfgNtB4_13NameCollectorNtNtCs8PIGe9Luacy_15ruff_python_ast7visitor7Visitor13visit_pattern
FNDA:9,_RNCNCNvMs0_NtCs2Eyh5DnjbiX_9cytoscnpy3cfgNtB9_10CfgBuilder5build00Bb_
FNDA:17,_RNCNvMs0_NtCs2Eyh5DnjbiX_9cytoscnpy3cfgNtB7_10CfgBuilder5build0B9_
FNDA:1,_RNCNvMs0_NtCs2Eyh5DnjbiX_9cytoscnpy3cfgNtB7_10CfgBuilder8visit_if0B9_
FNDA:1,_RNCNvNtNtCs2Eyh5DnjbiX_9cytoscnpy3cfg5testss_27test_cfg_from_source_simple0B7_
FNDA:1,_RNCNvNtNtCs2Eyh5DnjbiX_9cytoscnpy3cfg5testss_27test_cfg_from_source_simples0_0B7_
FNDA:2,_RNCNvNtNtCs2Eyh5DnjbiX_9cytoscnpy3cfg5testss_27test_cfg_from_source_simples1_0B7_
FNDA:2,_RNCNvNtNtCs2Eyh5DnjbiX_9cytoscnpy3cfg5testss_27test_cfg_from_source_simples_0B7_
FNDA:1,_RNCNvNtNtCs2Eyh5DnjbiX_9cytoscnpy3cfg5testss_28test_cfg_from_source_with_if0B7_
FNDA:0,_RNvMs1_NtCs2Eyh5DnjbiX_9cytoscnpy3cfgNtB5_3Cfg23is_behaviorally_similar
FNDA:1,_RNvNtNtCs2Eyh5DnjbiX_9cytoscnpy3cfg5testss_20test_cfg_fingerprint
FNDA:1,_RNvNtNtCs2Eyh5DnjbiX_9cytoscnpy3cfg5testss_27test_cfg_from_source_simple
FNDA:1,_RNvNtNtCs2Eyh5DnjbiX_9cytoscnpy3cfg5testss_28test_cfg_from_source_with_if
FNDA:17,_RNvMNtCs2Eyh5DnjbiX_9cytoscnpy3cfgNtB2_10BasicBlock3new
FNDA:12,_RNvMs0_NtCs2Eyh5DnjbiX_9cytoscnpy3cfgNtB5_10CfgBuilder10visit_stmt
FNDA:2,_RNvMs0_NtCs2Eyh5DnjbiX_9cytoscnpy3cfgNtB5_10CfgBuilder11visit_match
FNDA:0,_RNvMs0_NtCs2Eyh5DnjbiX_9cytoscnpy3cfgNtB5_10CfgBuilder11visit_while
FNDA:6,_RNvMs0_NtCs2Eyh5DnjbiX_9cytoscnpy3cfgNtB5_10CfgBuilder15build_from_body
FNDA:3,_RNvMs0_NtCs2Eyh5DnjbiX_9cytoscnpy3cfgNtB5_10CfgBuilder18collect_expr_names
FNDA:9,_RNvMs0_NtCs2Eyh5DnjbiX_9cytoscnpy3cfgNtB5_10CfgBuilder18collect_stmt_names
FNDA:4,_RNvMs0_NtCs2Eyh5DnjbiX_9cytoscnpy3cfgNtB5_10CfgBuilder19build_from_function
FNDA:4,_RNvMs0_NtCs2Eyh5DnjbiX_9cytoscnpy3cfgNtB5_10CfgBuilder21collect_pattern_names
FNDA:4,_RNvMs0_NtCs2Eyh5DnjbiX_9cytoscnpy3cfgNtB5_10CfgBuilder3new
FNDA:4,_RNvMs0_NtCs2Eyh5DnjbiX_9cytoscnpy3cfgNtB5_10CfgBuilder5build
FNDA:16,_RNvMs0_NtCs2Eyh5DnjbiX_9cytoscnpy3cfgNtB5_10CfgBuilder8add_edge
FNDA:12,_RNvMs0_NtCs2Eyh5DnjbiX_9cytoscnpy3cfgNtB5_10CfgBuilder8add_stmt
FNDA:1,_RNvMs0_NtCs2Eyh5DnjbiX_9cytoscnpy3cfgNtB5_10CfgBuilder8visit_if
FNDA:13,_RNvMs0_NtCs2Eyh5DnjbiX_9cytoscnpy3cfgNtB5_10CfgBuilder9new_block
FNDA:0,_RNvMs0_NtCs2Eyh5DnjbiX_9cytoscnpy3cfgNtB5_10CfgBuilder9visit_for
FNDA:0,_RNvMs0_NtCs2Eyh5DnjbiX_9cytoscnpy3cfgNtB5_10CfgBuilder9visit_try
FNDA:3,_RNvMs1_NtCs2Eyh5DnjbiX_9cytoscnpy3cfgNtB5_3Cfg11fingerprint
FNDA:4,_RNvMs1_NtCs2Eyh5DnjbiX_9cytoscnpy3cfgNtB5_3Cfg11from_source
FNDA:4,_RNvMs1_NtCs2Eyh5DnjbiX_9cytoscnpy3cfgNtB5_3Cfg13from_function
FNDA:0,_RNvMs1_NtCs2Eyh5DnjbiX_9cytoscnpy3cfgNtB5_3Cfg16similarity_score
FNDA:26,_RNvXs_NtCs2Eyh5DnjbiX_9cytoscnpy3cfgNtB4_13NameCollectorNtNtCs8PIGe9Luacy_15ruff_python_ast7visitor7Visitor10visit_expr
FNDA:9,_RNvXs_NtCs2Eyh5DnjbiX_9cytoscnpy3cfgNtB4_13NameCollectorNtNtCs8PIGe9Luacy_15ruff_python_ast7visitor7Visitor10visit_stmt
FNDA:12,_RNvXs_NtCs2Eyh5DnjbiX_9cytoscnpy3cfgNtB4_13NameCollectorNtNtCs8PIGe9Luacy_15ruff_python_ast7visitor7Visitor13visit_pattern
FNF:36
FNH:34
DA:97,390
DA:98,390
DA:99,390
DA:100,390
DA:101,390
DA:102,390
DA:103,390
DA:104,390
DA:105,390
DA:106,390
DA:107,390
DA:145,825
DA:146,825
DA:147,336
DA:148,258
DA:149,258
DA:150,258
DA:151,78
DA:152,78
DA:153,78
DA:154,0
DA:156,489
DA:158,825
DA:160,369
DA:161,369
DA:162,12
DA:163,12
DA:164,12
DA:165,0
DA:166,0
DA:167,0
DA:168,0
DA:169,52
DA:170,104
DA:171,52
DA:172,52
DA:173,52
DA:175,0
DA:176,0
DA:177,0
DA:178,0
DA:179,0
DA:181,13
DA:182,13
DA:183,13
DA:184,13
DA:185,55
DA:186,55
DA:187,55
DA:188,77
DA:189,77
DA:190,76
DA:191,76
DA:193,1
DA:194,1
DA:195,1
DA:196,1
DA:197,1
DA:198,1
DA:199,1
DA:201,1
DA:202,1
DA:203,1
DA:204,1
DA:205,1
DA:207,1
DA:208,2
DA:209,1
DA:210,1
DA:212,157
DA:214,369
DA:216,70
DA:217,70
DA:218,33
DA:219,33
DA:220,27
DA:221,27
DA:222,33
DA:223,0
DA:224,33
DA:226,3
DA:227,3
DA:228,1
DA:229,2
DA:230,8
DA:231,5
DA:232,5
DA:233,8
DA:234,5
DA:235,5
DA:237,1
DA:238,1
DA:239,1
DA:240,1
DA:242,33
DA:244,70
DA:258,176
DA:259,176
DA:260,176
DA:261,176
DA:262,176
DA:263,176
DA:264,176
DA:265,176
DA:266,176
DA:267,176
DA:269,214
DA:270,214
DA:271,214
DA:272,214
DA:273,214
DA:275,306
DA:276,306
DA:277,305
DA:278,305
DA:279,306
DA:280,305
DA:281,305
DA:282,306
DA:284,444
DA:285,444
DA:286,444
DA:287,444
DA:288,444
DA:290,176
DA:292,176
DA:293,0
DA:294,0
DA:295,0
DA:296,0
DA:297,294
DA:298,118
DA:299,118
DA:300,118
DA:301,118
DA:302,176
DA:303,1
DA:304,1
DA:305,1
DA:306,175
DA:307,177
DA:308,1
DA:309,1
DA:310,1
DA:311,1
DA:312,176
DA:313,1
DA:314,1
DA:315,1
DA:316,175
DA:318,505
DA:319,329
DA:320,329
DA:321,176
DA:323,113
DA:324,228
DA:325,115
DA:326,115
DA:327,113
DA:329,88
DA:330,88
DA:331,88
DA:332,88
DA:333,88
DA:334,88
DA:335,88
DA:336,88
DA:337,88
DA:339,28
DA:340,28
DA:341,28
DA:342,28
DA:343,28
DA:344,28
DA:345,28
DA:346,28
DA:347,28
DA:349,369
DA:350,369
DA:351,369
DA:352,369
DA:353,369
DA:354,369
DA:355,369
DA:356,369
DA:357,369
DA:360,444
DA:362,444
DA:364,444
DA:365,55
DA:366,55
DA:367,55
DA:368,55
DA:369,55
DA:370,3
DA:371,3
DA:372,3
DA:373,3
DA:374,3
DA:375,3
DA:376,2
DA:377,2
DA:378,2
DA:379,2
DA:380,2
DA:381,2
DA:382,2
DA:383,2
DA:384,2
DA:385,3
DA:386,7
DA:387,4
DA:388,4
DA:389,3
DA:390,3
DA:392,3
DA:393,3
DA:395,10
DA:396,10
DA:397,10
DA:398,10
DA:399,10
DA:401,369
DA:402,369
DA:403,77
DA:404,1
DA:406,2
DA:407,2
DA:408,2
DA:409,2
DA:412,1
DA:413,1
DA:414,1
DA:415,1
DA:417,55
DA:418,55
DA:419,52
DA:420,52
DA:421,3
DA:422,3
DA:424,233
DA:428,444
DA:430,55
DA:431,55
DA:432,55
DA:433,55
DA:435,55
DA:436,55
DA:437,55
DA:439,55
DA:440,55
DA:442,67
DA:443,12
DA:444,12
DA:446,12
DA:447,4
DA:448,4
DA:449,4
DA:450,4
DA:451,8
DA:453,12
DA:454,12
DA:455,12
DA:457,12
DA:458,4
DA:459,8
DA:462,55
DA:463,55
DA:464,55
DA:465,55
DA:466,55
DA:467,47
DA:468,47
DA:470,55
DA:471,169
DA:472,114
DA:473,114
DA:474,55
DA:475,55
DA:477,3
DA:478,3
DA:479,3
DA:480,3
DA:481,3
DA:483,3
DA:484,3
DA:485,3
DA:487,3
DA:488,3
DA:489,3
DA:491,3
DA:492,3
DA:493,3
DA:494,3
DA:496,3
DA:497,1
DA:498,1
DA:499,1
DA:500,1
DA:501,1
DA:502,2
DA:504,3
DA:505,3
DA:506,3
DA:507,3
DA:509,2
DA:510,2
DA:511,2
DA:512,2
DA:513,2
DA:515,2
DA:516,2
DA:517,2
DA:519,2
DA:520,2
DA:521,2
DA:523,2
DA:524,2
DA:525,2
DA:526,2
DA:528,2
DA:529,1
DA:530,1
DA:531,1
DA:532,1
DA:533,1
DA:534,1
DA:536,2
DA:537,2
DA:538,2
DA:539,2
DA:541,2
DA:542,2
DA:543,2
DA:544,2
DA:545,2
DA:546,2
DA:547,2
DA:549,2
DA:550,6
DA:551,4
DA:552,4
DA:553,4
DA:554,4
DA:555,4
DA:556,4
DA:557,1
DA:558,1
DA:559,1
DA:560,3
DA:561,4
DA:562,4
DA:563,4
DA:564,4
DA:567,4
DA:570,2
DA:571,1
DA:572,1
DA:573,1
DA:574,1
DA:575,1
DA:576,1
DA:578,2
DA:579,9
DA:580,7
DA:581,7
DA:583,2
DA:584,1
DA:585,1
DA:586,1
DA:587,2
DA:588,2
DA:590,10
DA:592,10
DA:593,10
DA:595,38
DA:596,28
DA:599,28
DA:600,28
DA:601,28
DA:602,28
DA:604,28
DA:607,28
DA:608,0
DA:609,0
DA:610,0
DA:611,0
DA:612,0
DA:613,28
DA:616,28
DA:617,28
DA:618,28
DA:619,28
DA:620,28
DA:623,10
DA:624,38
DA:625,28
DA:626,28
DA:627,10
DA:628,10
DA:630,176
DA:631,176
DA:632,176
DA:633,176
DA:634,176
DA:635,390
DA:636,390
DA:637,214
DA:638,214
DA:639,214
DA:640,214
DA:641,390
DA:642,176
DA:643,176
DA:646,176
DA:648,176
DA:650,176
DA:655,176
DA:656,176
DA:657,176
DA:658,176
DA:659,176
DA:663,261
DA:664,261
DA:665,176
DA:666,176
DA:667,176
DA:668,176
DA:669,176
DA:670,176
DA:671,0
DA:672,0
DA:674,0
DA:675,261
DA:679,3
DA:680,3
DA:681,3
DA:682,3
DA:683,3
DA:685,9
DA:686,6
DA:687,14
DA:688,8
DA:689,8
DA:690,2
DA:691,1
DA:692,5
DA:696,3
DA:697,3
DA:698,3
DA:699,3
DA:700,3
DA:701,3
DA:702,3
DA:703,3
DA:707,0
DA:708,0
DA:709,0
DA:710,0
DA:711,0
DA:712,0
DA:713,0
DA:714,0
DA:719,0
DA:720,0
DA:721,0
DA:722,0
DA:723,0
DA:725,0
DA:726,0
DA:727,0
DA:728,0
DA:730,0
DA:731,0
DA:732,0
DA:733,0
DA:734,0
DA:735,0
DA:736,0
DA:737,0
DA:738,0
DA:740,0
DA:741,0
DA:742,0
DA:743,0
DA:744,0
DA:745,0
DA:746,0
DA:747,0
DA:748,0
DA:750,0
DA:751,0
DA:752,0
DA:753,0
DA:754,0
DA:755,0
DA:756,0
DA:757,0
DA:758,0
DA:760,0
DA:761,0
DA:762,0
DA:763,0
DA:764,0
DA:765,0
DA:766,0
DA:767,0
DA:768,0
DA:769,0
DA:770,0
DA:771,0
DA:772,0
DA:773,0
DA:774,0
DA:775,0
DA:776,0
DA:784,1
DA:785,1
DA:786,1
DA:787,1
DA:788,1
DA:789,1
DA:790,1
DA:791,1
DA:792,1
DA:793,1
DA:794,1
DA:795,1
DA:796,1
DA:797,1
DA:798,1
DA:799,1
DA:800,1
DA:801,1
DA:802,1
DA:803,1
DA:804,1
DA:805,1
DA:806,1
DA:808,1
DA:809,1
DA:810,1
DA:811,1
DA:812,1
DA:813,1
DA:816,1
DA:817,1
DA:818,1
DA:819,1
DA:820,1
DA:821,1
DA:822,1
DA:825,1
DA:826,1
DA:827,2
DA:828,1
DA:829,2
DA:830,1
DA:833,1
DA:834,1
DA:835,1
DA:836,1
DA:837,1
DA:838,1
DA:839,1
DA:842,1
DA:843,1
BRF:0
BRH:0
LF:575
LH:491
end_of_record
SF:E:\Github\CytoScnPy\cytoscnpy\src\clones\confidence.rs
FN:33,_RINvMNtNtCsbhXKu17xbPQ_9cytoscnpy6clones10confidenceNtB3_16ConfidenceFactor3newNtNtCs1S013FBku8r_5alloc6string6StringEB7_
FN:33,_RINvMNtNtCsbhXKu17xbPQ_9cytoscnpy6clones10confidenceNtB3_16ConfidenceFactor3newReEB7_
FN:104,_RNvMs0_NtNtCsbhXKu17xbPQ_9cytoscnpy6clones10confidenceNtB5_16ConfidenceScorer3new
FN:113,_RNvMs0_NtNtCsbhXKu17xbPQ_9cytoscnpy6clones10confidenceNtB5_16ConfidenceScorer5score
FN:93,_RNvXs_NtNtCsbhXKu17xbPQ_9cytoscnpy6clones10confidenceNtB4_16ConfidenceScorerNtNtCsgS7EKHCc5jD_4core7default7Default7default
FN:104,_RNvMs0_NtNtCs2Eyh5DnjbiX_9cytoscnpy6clones10confidenceNtB5_16ConfidenceScorer3new
FN:113,_RNvMs0_NtNtCs2Eyh5DnjbiX_9cytoscnpy6clones10confidenceNtB5_16ConfidenceScorer5score
FN:93,_RNvXs_NtNtCs2Eyh5DnjbiX_9cytoscnpy6clones10confidenceNtB4_16ConfidenceScorerNtNtCsgS7EKHCc5jD_4core7default7Default7default
FN:268,_RNvNtNtNtCs2Eyh5DnjbiX_9cytoscnpy6clones10confidence5tests9make_pair
FN:314,_RNvNtNtNtCs2Eyh5DnjbiX_9cytoscnpy6clones10confidence5testss_28test_low_confidence_suppress
FN:299,_RNvNtNtNtCs2Eyh5DnjbiX_9cytoscnpy6clones10confidence5testss_29test_high_confidence_auto_fix
FN:33,_RINvMNtNtCs2Eyh5DnjbiX_9cytoscnpy6clones10confidenceNtB3_16ConfidenceFactor3newNtNtCs1S013FBku8r_5alloc6string6StringEB7_
FN:33,_RINvMNtNtCs2Eyh5DnjbiX_9cytoscnpy6clones10confidenceNtB3_16ConfidenceFactor3newReEB7_
FNDA:10,_RINvMNtNtCsbhXKu17xbPQ_9cytoscnpy6clones10confidenceNtB3_16ConfidenceFactor3newNtNtCs1S013FBku8r_5alloc6string6StringEB7_
FNDA:19,_RINvMNtNtCsbhXKu17xbPQ_9cytoscnpy6clones10confidenceNtB3_16ConfidenceFactor3newReEB7_
FNDA:9,_RNvMs0_NtNtCsbhXKu17xbPQ_9cytoscnpy6clones10confidenceNtB5_16ConfidenceScorer3new
FNDA:10,_RNvMs0_NtNtCsbhXKu17xbPQ_9cytoscnpy6clones10confidenceNtB5_16ConfidenceScorer5score
FNDA:12,_RNvXs_NtNtCsbhXKu17xbPQ_9cytoscnpy6clones10confidenceNtB4_16ConfidenceScorerNtNtCsgS7EKHCc5jD_4core7default7Default7default
FNDA:0,_RNvMs0_NtNtCs2Eyh5DnjbiX_9cytoscnpy6clones10confidenceNtB5_16ConfidenceScorer3new
FNDA:2,_RNvMs0_NtNtCs2Eyh5DnjbiX_9cytoscnpy6clones10confidenceNtB5_16ConfidenceScorer5score
FNDA:2,_RNvXs_NtNtCs2Eyh5DnjbiX_9cytoscnpy6clones10confidenceNtB4_16ConfidenceScorerNtNtCsgS7EKHCc5jD_4core7default7Default7default
FNDA:2,_RNvNtNtNtCs2Eyh5DnjbiX_9cytoscnpy6clones10confidence5tests9make_pair
FNDA:1,_RNvNtNtNtCs2Eyh5DnjbiX_9cytoscnpy6clones10confidence5testss_28test_low_confidence_suppress
FNDA:1,_RNvNtNtNtCs2Eyh5DnjbiX_9cytoscnpy6clones10confidence5testss_29test_high_confidence_auto_fix
FNDA:2,_RINvMNtNtCs2Eyh5DnjbiX_9cytoscnpy6clones10confidenceNtB3_16ConfidenceFactor3newNtNtCs1S013FBku8r_5alloc6string6StringEB7_
FNDA:8,_RINvMNtNtCs2Eyh5DnjbiX_9cytoscnpy6clones10confidenceNtB3_16ConfidenceFactor3newReEB7_
FNF:7
FNH:7
DA:33,39
DA:34,39
DA:35,39
DA:36,39
DA:37,39
DA:38,39
DA:39,39
DA:93,14
DA:94,14
DA:95,14
DA:96,14
DA:97,14
DA:98,14
DA:104,9
DA:105,9
DA:106,9
DA:107,9
DA:108,9
DA:109,9
DA:113,12
DA:114,12
DA:115,12
DA:121,12
DA:122,9
DA:123,9
DA:124,9
DA:125,0
DA:126,0
DA:127,3
DA:128,2
DA:129,2
DA:130,2
DA:131,1
DA:132,1
DA:133,1
DA:136,12
DA:137,12
DA:138,12
DA:140,12
DA:141,12
DA:148,12
DA:149,1
DA:150,1
DA:151,11
DA:153,12
DA:154,0
DA:155,0
DA:156,12
DA:158,12
DA:159,0
DA:160,0
DA:161,12
DA:167,12
DA:168,9
DA:169,9
DA:170,9
DA:171,1
DA:172,1
DA:173,2
DA:175,12
DA:176,1
DA:177,1
DA:178,1
DA:179,1
DA:180,1
DA:181,1
DA:182,11
DA:188,12
DA:189,1
DA:190,1
DA:191,11
DA:193,12
DA:194,1
DA:195,1
DA:196,11
DA:202,12
DA:203,0
DA:204,0
DA:205,0
DA:206,0
DA:207,0
DA:208,0
DA:209,12
DA:211,12
DA:212,0
DA:213,0
DA:214,0
DA:215,0
DA:216,0
DA:217,0
DA:218,12
DA:220,12
DA:221,0
DA:222,0
DA:223,0
DA:224,0
DA:225,0
DA:226,0
DA:227,12
DA:233,12
DA:234,1
DA:235,1
DA:236,1
DA:237,1
DA:238,1
DA:239,1
DA:240,11
DA:244,12
DA:246,12
DA:247,9
DA:248,3
DA:249,1
DA:251,2
DA:254,12
DA:255,12
DA:256,12
DA:257,12
DA:258,12
DA:259,12
DA:268,2
DA:271,2
DA:272,2
DA:273,2
DA:274,2
DA:275,2
DA:276,2
DA:277,2
DA:278,2
DA:279,2
DA:280,2
DA:281,2
DA:282,2
DA:283,2
DA:284,2
DA:285,2
DA:286,2
DA:287,2
DA:288,2
DA:289,2
DA:290,2
DA:291,2
DA:292,2
DA:293,2
DA:294,2
DA:295,2
DA:296,2
DA:299,1
DA:300,1
DA:301,1
DA:302,1
DA:303,1
DA:304,1
DA:305,1
DA:306,1
DA:308,1
DA:309,1
DA:310,1
DA:311,1
DA:314,1
DA:315,1
DA:316,1
DA:317,1
DA:318,1
DA:319,1
DA:320,1
DA:321,1
DA:323,1
DA:324,1
DA:325,1
BRF:0
BRH:0
LF:169
LH:136
end_of_record
SF:E:\Github\CytoScnPy\cytoscnpy\src\clones\config.rs
FN:101,_RNvMs_NtNtCsbhXKu17xbPQ_9cytoscnpy6clones6configNtB4_11CloneConfig10with_tests
FN:108,_RNvMs_NtNtCsbhXKu17xbPQ_9cytoscnpy6clones6configNtB4_11CloneConfig16with_clone_types
FN:120,_RNvMs_NtNtCsbhXKu17xbPQ_9cytoscnpy6clones6configNtB4_11CloneConfig19with_cfg_validation
FN:80,_RNvMs_NtNtCsbhXKu17xbPQ_9cytoscnpy6clones6configNtB4_11CloneConfig19with_min_similarity
FN:94,_RNvMs_NtNtCsbhXKu17xbPQ_9cytoscnpy6clones6configNtB4_11CloneConfig22with_suggest_threshold
FN:87,_RNvMs_NtNtCsbhXKu17xbPQ_9cytoscnpy6clones6configNtB4_11CloneConfig23with_auto_fix_threshold
FN:57,_RNvXNtNtCsbhXKu17xbPQ_9cytoscnpy6clones6configNtB2_11CloneConfigNtNtCsgS7EKHCc5jD_4core7default7Default7default
FN:101,_RNvMs_NtNtCs2Eyh5DnjbiX_9cytoscnpy6clones6configNtB4_11CloneConfig10with_tests
FN:108,_RNvMs_NtNtCs2Eyh5DnjbiX_9cytoscnpy6clones6configNtB4_11CloneConfig16with_clone_types
FN:120,_RNvMs_NtNtCs2Eyh5DnjbiX_9cytoscnpy6clones6configNtB4_11CloneConfig19with_cfg_validation
FN:94,_RNvMs_NtNtCs2Eyh5DnjbiX_9cytoscnpy6clones6configNtB4_11CloneConfig22with_suggest_threshold
FN:87,_RNvMs_NtNtCs2Eyh5DnjbiX_9cytoscnpy6clones6configNtB4_11CloneConfig23with_auto_fix_threshold
FN:80,_RNvMs_NtNtCs2Eyh5DnjbiX_9cytoscnpy6clones6configNtB4_11CloneConfig19with_min_similarity
FN:57,_RNvXNtNtCs2Eyh5DnjbiX_9cytoscnpy6clones6configNtB2_11CloneConfigNtNtCsgS7EKHCc5jD_4core7default7Default7default
FNDA:0,_RNvMs_NtNtCsbhXKu17xbPQ_9cytoscnpy6clones6configNtB4_11CloneConfig10with_tests
FNDA:0,_RNvMs_NtNtCsbhXKu17xbPQ_9cytoscnpy6clones6configNtB4_11CloneConfig16with_clone_types
FNDA:2,_RNvMs_NtNtCsbhXKu17xbPQ_9cytoscnpy6clones6configNtB4_11CloneConfig19with_cfg_validation
FNDA:10,_RNvMs_NtNtCsbhXKu17xbPQ_9cytoscnpy6clones6configNtB4_11CloneConfig19with_min_similarity
FNDA:0,_RNvMs_NtNtCsbhXKu17xbPQ_9cytoscnpy6clones6configNtB4_11CloneConfig22with_suggest_threshold
FNDA:2,_RNvMs_NtNtCsbhXKu17xbPQ_9cytoscnpy6clones6configNtB4_11CloneConfig23with_auto_fix_threshold
FNDA:21,_RNvXNtNtCsbhXKu17xbPQ_9cytoscnpy6clones6configNtB2_11CloneConfigNtNtCsgS7EKHCc5jD_4core7default7Default7default
FNDA:0,_RNvMs_NtNtCs2Eyh5DnjbiX_9cytoscnpy6clones6configNtB4_11CloneConfig10with_tests
FNDA:0,_RNvMs_NtNtCs2Eyh5DnjbiX_9cytoscnpy6clones6configNtB4_11CloneConfig16with_clone_types
FNDA:0,_RNvMs_NtNtCs2Eyh5DnjbiX_9cytoscnpy6clones6configNtB4_11CloneConfig19with_cfg_validation
FNDA:0,_RNvMs_NtNtCs2Eyh5DnjbiX_9cytoscnpy6clones6configNtB4_11CloneConfig22with_suggest_threshold
FNDA:0,_RNvMs_NtNtCs2Eyh5DnjbiX_9cytoscnpy6clones6configNtB4_11CloneConfig23with_auto_fix_threshold
FNDA:0,_RNvMs_NtNtCs2Eyh5DnjbiX_9cytoscnpy6clones6configNtB4_11CloneConfig19with_min_similarity
FNDA:0,_RNvXNtNtCs2Eyh5DnjbiX_9cytoscnpy6clones6configNtB2_11CloneConfigNtNtCsgS7EKHCc5jD_4core7default7Default7default
FNF:7
FNH:4
DA:57,21
DA:58,21
DA:59,21
DA:60,21
DA:61,21
DA:62,21
DA:63,21
DA:64,21
DA:65,21
DA:66,21
DA:67,21
DA:68,21
DA:69,21
DA:70,21
DA:71,21
DA:72,21
DA:73,21
DA:74,21
DA:80,10
DA:81,10
DA:82,10
DA:83,10
DA:87,2
DA:88,2
DA:89,2
DA:90,2
DA:94,0
DA:95,0
DA:96,0
DA:97,0
DA:101,0
DA:102,0
DA:103,0
DA:104,0
DA:108,0
DA:109,0
DA:110,0
DA:111,0
DA:112,0
DA:113,0
DA:120,2
DA:121,2
DA:122,2
DA:123,2
BRF:0
BRH:0
LF:44
LH:30
end_of_record
SF:E:\Github\CytoScnPy\cytoscnpy\src\clones\hasher.rs
FN:45,_RNCNvMNtNtCsbhXKu17xbPQ_9cytoscnpy6clones6hasherNtB4_9LshHasher15find_candidates0B8_
FN:83,_RNCNvMNtNtCsbhXKu17xbPQ_9cytoscnpy6clones6hasherNtB4_9LshHasher17generate_shingles0B8_
FN:89,_RNCNvMNtNtCsbhXKu17xbPQ_9cytoscnpy6clones6hasherNtB4_9LshHasher17generate_shingless_0B8_
FN:44,_RNvMNtNtCsbhXKu17xbPQ_9cytoscnpy6clones6hasherNtB2_9LshHasher15find_candidates
FN:79,_RNvMNtNtCsbhXKu17xbPQ_9cytoscnpy6clones6hasherNtB2_9LshHasher17generate_shingles
FN:27,_RNvMNtNtCsbhXKu17xbPQ_9cytoscnpy6clones6hasherNtB2_9LshHasher3new
FN:97,_RNvMNtNtCsbhXKu17xbPQ_9cytoscnpy6clones6hasherNtB2_9LshHasher7minhash
FN:118,_RNvMNtNtCsbhXKu17xbPQ_9cytoscnpy6clones6hasherNtB2_9LshHasher9band_hash
FN:37,_RNvMNtNtCsbhXKu17xbPQ_9cytoscnpy6clones6hasherNtB2_9LshHasher9signature
FN:131,_RNvNtNtCsbhXKu17xbPQ_9cytoscnpy6clones6hasher11hash_string
FN:138,_RNvNtNtCsbhXKu17xbPQ_9cytoscnpy6clones6hasher14hash_with_seed
FN:146,_RNvXs_NtNtCsbhXKu17xbPQ_9cytoscnpy6clones6hasherNtB4_9LshHasherNtNtCsgS7EKHCc5jD_4core7default7Default7default
FN:45,_RNCNvMNtNtCs2Eyh5DnjbiX_9cytoscnpy6clones6hasherNtB4_9LshHasher15find_candidates0B8_
FN:83,_RNCNvMNtNtCs2Eyh5DnjbiX_9cytoscnpy6clones6hasherNtB4_9LshHasher17generate_shingles0B8_
FN:89,_RNCNvMNtNtCs2Eyh5DnjbiX_9cytoscnpy6clones6hasherNtB4_9LshHasher17generate_shingless_0B8_
FN:44,_RNvMNtNtCs2Eyh5DnjbiX_9cytoscnpy6clones6hasherNtB2_9LshHasher15find_candidates
FN:79,_RNvMNtNtCs2Eyh5DnjbiX_9cytoscnpy6clones6hasherNtB2_9LshHasher17generate_shingles
FN:27,_RNvMNtNtCs2Eyh5DnjbiX_9cytoscnpy6clones6hasherNtB2_9LshHasher3new
FN:97,_RNvMNtNtCs2Eyh5DnjbiX_9cytoscnpy6clones6hasherNtB2_9LshHasher7minhash
FN:118,_RNvMNtNtCs2Eyh5DnjbiX_9cytoscnpy6clones6hasherNtB2_9LshHasher9band_hash
FN:37,_RNvMNtNtCs2Eyh5DnjbiX_9cytoscnpy6clones6hasherNtB2_9LshHasher9signature
FN:131,_RNvNtNtCs2Eyh5DnjbiX_9cytoscnpy6clones6hasher11hash_string
FN:138,_RNvNtNtCs2Eyh5DnjbiX_9cytoscnpy6clones6hasher14hash_with_seed
FN:146,_RNvXs_NtNtCs2Eyh5DnjbiX_9cytoscnpy6clones6hasherNtB4_9LshHasherNtNtCsgS7EKHCc5jD_4core7default7Default7default
FN:156,_RNvNtNtNtCs2Eyh5DnjbiX_9cytoscnpy6clones6hasher5tests9make_tree
FN:170,_RNvNtNtNtCs2Eyh5DnjbiX_9cytoscnpy6clones6hasher5testss_35test_identical_trees_are_candidates
FN:184,_RNvNtNtNtCs2Eyh5DnjbiX_9cytoscnpy6clones6hasher5testss_36test_similar_trees_may_be_candidates
FN:161,_RNCNvNtNtNtCs2Eyh5DnjbiX_9cytoscnpy6clones6hasher5tests9make_tree0B9_
FNDA:25,_RNCNvMNtNtCsbhXKu17xbPQ_9cytoscnpy6clones6hasherNtB4_9LshHasher15find_candidates0B8_
FNDA:2,_RNCNvMNtNtCsbhXKu17xbPQ_9cytoscnpy6clones6hasherNtB4_9LshHasher17generate_shingles0B8_
FNDA:316,_RNCNvMNtNtCsbhXKu17xbPQ_9cytoscnpy6clones6hasherNtB4_9LshHasher17generate_shingless_0B8_
FNDA:16,_RNvMNtNtCsbhXKu17xbPQ_9cytoscnpy6clones6hasherNtB2_9LshHasher15find_candidates
FNDA:25,_RNvMNtNtCsbhXKu17xbPQ_9cytoscnpy6clones6hasherNtB2_9LshHasher17generate_shingles
FNDA:16,_RNvMNtNtCsbhXKu17xbPQ_9cytoscnpy6clones6hasherNtB2_9LshHasher3new
FNDA:25,_RNvMNtNtCsbhXKu17xbPQ_9cytoscnpy6clones6hasherNtB2_9LshHasher7minhash
FNDA:500,_RNvMNtNtCsbhXKu17xbPQ_9cytoscnpy6clones6hasherNtB2_9LshHasher9band_hash
FNDA:25,_RNvMNtNtCsbhXKu17xbPQ_9cytoscnpy6clones6hasherNtB2_9LshHasher9signature
FNDA:318,_RNvNtNtCsbhXKu17xbPQ_9cytoscnpy6clones6hasher11hash_string
FNDA:31800,_RNvNtNtCsbhXKu17xbPQ_9cytoscnpy6clones6hasher14hash_with_seed
FNDA:0,_RNvXs_NtNtCsbhXKu17xbPQ_9cytoscnpy6clones6hasherNtB4_9LshHasherNtNtCsgS7EKHCc5jD_4core7default7Default7default
FNDA:5,_RNCNvMNtNtCs2Eyh5DnjbiX_9cytoscnpy6clones6hasherNtB4_9LshHasher15find_candidates0B8_
FNDA:0,_RNCNvMNtNtCs2Eyh5DnjbiX_9cytoscnpy6clones6hasherNtB4_9LshHasher17generate_shingles0B8_
FNDA:6,_RNCNvMNtNtCs2Eyh5DnjbiX_9cytoscnpy6clones6hasherNtB4_9LshHasher17generate_shingless_0B8_
FNDA:2,_RNvMNtNtCs2Eyh5DnjbiX_9cytoscnpy6clones6hasherNtB2_9LshHasher15find_candidates
FNDA:5,_RNvMNtNtCs2Eyh5DnjbiX_9cytoscnpy6clones6hasherNtB2_9LshHasher17generate_shingles
FNDA:2,_RNvMNtNtCs2Eyh5DnjbiX_9cytoscnpy6clones6hasherNtB2_9LshHasher3new
FNDA:5,_RNvMNtNtCs2Eyh5DnjbiX_9cytoscnpy6clones6hasherNtB2_9LshHasher7minhash
FNDA:100,_RNvMNtNtCs2Eyh5DnjbiX_9cytoscnpy6clones6hasherNtB2_9LshHasher9band_hash
FNDA:5,_RNvMNtNtCs2Eyh5DnjbiX_9cytoscnpy6clones6hasherNtB2_9LshHasher9signature
FNDA:6,_RNvNtNtCs2Eyh5DnjbiX_9cytoscnpy6clones6hasher11hash_string
FNDA:600,_RNvNtNtCs2Eyh5DnjbiX_9cytoscnpy6clones6hasher14hash_with_seed
FNDA:2,_RNvXs_NtNtCs2Eyh5DnjbiX_9cytoscnpy6clones6hasherNtB4_9LshHasherNtNtCsgS7EKHCc5jD_4core7default7Default7default
FNDA:5,_RNvNtNtNtCs2Eyh5DnjbiX_9cytoscnpy6clones6hasher5tests9make_tree
FNDA:1,_RNvNtNtNtCs2Eyh5DnjbiX_9cytoscnpy6clones6hasher5testss_35test_identical_trees_are_candidates
FNDA:1,_RNvNtNtNtCs2Eyh5DnjbiX_9cytoscnpy6clones6hasher5testss_36test_similar_trees_may_be_candidates
FNDA:16,_RNCNvNtNtNtCs2Eyh5DnjbiX_9cytoscnpy6clones6hasher5tests9make_tree0B9_
FNF:16
FNH:16
DA:27,18
DA:28,18
DA:29,18
DA:30,18
DA:31,18
DA:32,18
DA:33,18
DA:37,30
DA:38,30
DA:39,30
DA:40,30
DA:44,18
DA:45,30
DA:48,18
DA:50,30
DA:51,600
DA:52,600
DA:53,600
DA:54,600
DA:58,18
DA:59,413
DA:60,413
DA:61,374
DA:62,374
DA:63,187
DA:64,187
DA:66,0
DA:68,187
DA:71,226
DA:74,18
DA:75,18
DA:79,30
DA:80,30
DA:81,30
DA:83,2
DA:84,29
DA:87,29
DA:88,29
DA:89,322
DA:90,322
DA:91,322
DA:92,322
DA:93,29
DA:94,30
DA:97,30
DA:98,30
DA:99,0
DA:100,30
DA:102,30
DA:104,3000
DA:106,35400
DA:107,32400
DA:108,32400
DA:109,6792
DA:110,25608
DA:114,30
DA:115,30
DA:118,600
DA:119,600
DA:120,600
DA:122,600
DA:123,3000
DA:124,3000
DA:125,3000
DA:126,600
DA:127,600
DA:131,324
DA:132,324
DA:133,324
DA:134,324
DA:135,324
DA:138,32400
DA:139,32400
DA:140,32400
DA:141,32400
DA:142,32400
DA:143,32400
DA:146,2
DA:147,2
DA:148,2
DA:156,5
DA:158,5
DA:159,5
DA:160,5
DA:161,16
DA:162,16
DA:163,16
DA:164,16
DA:165,5
DA:167,5
DA:170,1
DA:171,1
DA:172,1
DA:173,1
DA:174,1
DA:175,1
DA:178,1
DA:179,1
DA:180,1
DA:181,1
DA:184,1
DA:185,1
DA:186,1
DA:187,1
DA:188,1
DA:191,1
DA:193,1
DA:194,1
BRF:0
BRH:0
LF:111
LH:109
end_of_record
SF:E:\Github\CytoScnPy\cytoscnpy\src\clones\mod.rs
FN:55,_RNvMNtCsbhXKu17xbPQ_9cytoscnpy6clonesNtB2_13CloneDetector11with_config
FN:205,_RNvMNtCsbhXKu17xbPQ_9cytoscnpy6clonesNtB2_13CloneDetector12group_clones
FN:76,_RNvMNtCsbhXKu17xbPQ_9cytoscnpy6clonesNtB2_13CloneDetector17detect_from_paths
FN:216,_RNvMNtCsbhXKu17xbPQ_9cytoscnpy6clonesNtB2_13CloneDetector17validate_with_cfg
FN:106,_RNvMNtCsbhXKu17xbPQ_9cytoscnpy6clonesNtB2_13CloneDetector20detect_from_subtrees
FN:46,_RNvMNtCsbhXKu17xbPQ_9cytoscnpy6clonesNtB2_13CloneDetector3new
FN:186,_RNvMNtCsbhXKu17xbPQ_9cytoscnpy6clonesNtB2_13CloneDetector6detect
FN:308,_RNvXs0_NtCsbhXKu17xbPQ_9cytoscnpy6clonesNtB5_10CloneErrorNtNtCsgS7EKHCc5jD_4core3fmt7Display3fmt
FN:282,_RNvXs_NtCsbhXKu17xbPQ_9cytoscnpy6clonesNtB4_13CloneDetectorNtNtCsgS7EKHCc5jD_4core7default7Default7default
FN:87,_RNCNvMNtCsbhXKu17xbPQ_9cytoscnpy6clonesNtB4_13CloneDetector17detect_from_paths0B6_
FN:228,_RNCNvMNtCsbhXKu17xbPQ_9cytoscnpy6clonesNtB4_13CloneDetector17validate_with_cfg0B6_
FN:233,_RNCNvMNtCsbhXKu17xbPQ_9cytoscnpy6clonesNtB4_13CloneDetector17validate_with_cfgs_0B6_
FN:113,_RNCNvMNtCsbhXKu17xbPQ_9cytoscnpy6clonesNtB4_13CloneDetector20detect_from_subtrees0B6_
FN:117,_RNCNvMNtCsbhXKu17xbPQ_9cytoscnpy6clonesNtB4_13CloneDetector20detect_from_subtreess_0B6_
FN:46,_RNvMNtCs2Eyh5DnjbiX_9cytoscnpy6clonesNtB2_13CloneDetector3new
FN:186,_RNvMNtCs2Eyh5DnjbiX_9cytoscnpy6clonesNtB2_13CloneDetector6detect
FN:308,_RNvXs0_NtCs2Eyh5DnjbiX_9cytoscnpy6clonesNtB5_10CloneErrorNtNtCsgS7EKHCc5jD_4core3fmt7Display3fmt
FN:282,_RNvXs_NtCs2Eyh5DnjbiX_9cytoscnpy6clonesNtB4_13CloneDetectorNtNtCsgS7EKHCc5jD_4core7default7Default7default
FN:55,_RNvMNtCs2Eyh5DnjbiX_9cytoscnpy6clonesNtB2_13CloneDetector11with_config
FN:205,_RNvMNtCs2Eyh5DnjbiX_9cytoscnpy6clonesNtB2_13CloneDetector12group_clones
FN:76,_RNvMNtCs2Eyh5DnjbiX_9cytoscnpy6clonesNtB2_13CloneDetector17detect_from_paths
FN:216,_RNvMNtCs2Eyh5DnjbiX_9cytoscnpy6clonesNtB2_13CloneDetector17validate_with_cfg
FN:106,_RNvMNtCs2Eyh5DnjbiX_9cytoscnpy6clonesNtB2_13CloneDetector20detect_from_subtrees
FN:87,_RNCNvMNtCs2Eyh5DnjbiX_9cytoscnpy6clonesNtB4_13CloneDetector17detect_from_paths0B6_
FN:228,_RNCNvMNtCs2Eyh5DnjbiX_9cytoscnpy6clonesNtB4_13CloneDetector17validate_with_cfg0B6_
FN:233,_RNCNvMNtCs2Eyh5DnjbiX_9cytoscnpy6clonesNtB4_13CloneDetector17validate_with_cfgs_0B6_
FN:113,_RNCNvMNtCs2Eyh5DnjbiX_9cytoscnpy6clonesNtB4_13CloneDetector20detect_from_subtrees0B6_
FN:117,_RNCNvMNtCs2Eyh5DnjbiX_9cytoscnpy6clonesNtB4_13CloneDetector20detect_from_subtreess_0B6_
FNDA:9,_RNvMNtCsbhXKu17xbPQ_9cytoscnpy6clonesNtB2_13CloneDetector11with_config
FNDA:16,_RNvMNtCsbhXKu17xbPQ_9cytoscnpy6clonesNtB2_13CloneDetector12group_clones
FNDA:7,_RNvMNtCsbhXKu17xbPQ_9cytoscnpy6clonesNtB2_13CloneDetector17detect_from_paths
FNDA:0,_RNvMNtCsbhXKu17xbPQ_9cytoscnpy6clonesNtB2_13CloneDetector17validate_with_cfg
FNDA:16,_RNvMNtCsbhXKu17xbPQ_9cytoscnpy6clonesNtB2_13CloneDetector20detect_from_subtrees
FNDA:7,_RNvMNtCsbhXKu17xbPQ_9cytoscnpy6clonesNtB2_13CloneDetector3new
[...]
FNDA:0,_RINvMs_NtCs2Eyh5DnjbiX_9cytoscnpy7visitorNtB5_16CytoScnPyVisitor14get_range_infoNtNtCs8PIGe9Luacy_15ruff_python_ast5nodes5AliasEB7_
FNDA:0,_RINvMs_NtCs2Eyh5DnjbiX_9cytoscnpy7visitorNtB5_16CytoScnPyVisitor14get_range_infoNtNtCs8PIGe9Luacy_15ruff_python_ast5nodes9ParameterEB7_
FNDA:0,_RINvMs_NtCs2Eyh5DnjbiX_9cytoscnpy7visitorNtB5_16CytoScnPyVisitor14get_range_infoNtNtCs8PIGe9Luacy_15ruff_python_ast9generated12StmtClassDefEB7_
FNDA:0,_RINvMs_NtCs2Eyh5DnjbiX_9cytoscnpy7visitorNtB5_16CytoScnPyVisitor14get_range_infoNtNtCs8PIGe9Luacy_15ruff_python_ast9generated14PatternMatchAsEB7_
FNDA:0,_RINvMs_NtCs2Eyh5DnjbiX_9cytoscnpy7visitorNtB5_16CytoScnPyVisitor14get_range_infoNtNtCs8PIGe9Luacy_15ruff_python_ast9generated16PatternMatchStarEB7_
FNDA:0,_RINvMs_NtCs2Eyh5DnjbiX_9cytoscnpy7visitorNtB5_16CytoScnPyVisitor14get_range_infoNtNtCs8PIGe9Luacy_15ruff_python_ast9generated19PatternMatchMappingEB7_
FNDA:0,_RINvMs_NtCs2Eyh5DnjbiX_9cytoscnpy7visitorNtB5_16CytoScnPyVisitor14get_range_infoNtNtCs8PIGe9Luacy_15ruff_python_ast9generated8ExprNameEB7_
FNDA:0,_RINvNtCs2Eyh5DnjbiX_9cytoscnpy7visitor18serialize_arc_pathQINtNtCszGeVEcmPEN_10serde_json3ser10SerializerQINtNtCs1S013FBku8r_5alloc3vec3VechENtBY_15PrettyFormatterEEB4_
FNDA:0,_RINvNtCs2Eyh5DnjbiX_9cytoscnpy7visitor25serialize_smallvec_stringQINtNtCszGeVEcmPEN_10serde_json3ser10SerializerQINtNtCs1S013FBku8r_5alloc3vec3VechENtB15_15PrettyFormatterEEB4_
FNDA:0,_RNCNvMs_NtCs2Eyh5DnjbiX_9cytoscnpy7visitorNtB6_16CytoScnPyVisitor10visit_stmt0B8_
FNDA:0,_RNCNvMs_NtCs2Eyh5DnjbiX_9cytoscnpy7visitorNtB6_16CytoScnPyVisitor10visit_stmts0_0B8_
FNDA:0,_RNCNvMs_NtCs2Eyh5DnjbiX_9cytoscnpy7visitorNtB6_16CytoScnPyVisitor10visit_stmts1_0B8_
FNDA:0,_RNCNvMs_NtCs2Eyh5DnjbiX_9cytoscnpy7visitorNtB6_16CytoScnPyVisitor10visit_stmts_0B8_
FNDA:0,_RNCNvMs_NtCs2Eyh5DnjbiX_9cytoscnpy7visitorNtB6_16CytoScnPyVisitor14add_definition0B8_
FNDA:0,_RNCNvMs_NtCs2Eyh5DnjbiX_9cytoscnpy7visitorNtB6_16CytoScnPyVisitor14add_definitions_0B8_
FNDA:0,_RNCNvMs_NtCs2Eyh5DnjbiX_9cytoscnpy7visitorNtB6_16CytoScnPyVisitor18visit_function_def0B8_
FNDA:0,_RNCNvMs_NtCs2Eyh5DnjbiX_9cytoscnpy7visitorNtB6_16CytoScnPyVisitor18visit_function_defs0_0B8_
FNDA:0,_RNCNvMs_NtCs2Eyh5DnjbiX_9cytoscnpy7visitorNtB6_16CytoScnPyVisitor18visit_function_defs_0B8_
FNDA:0,_RNvMNtCs2Eyh5DnjbiX_9cytoscnpy7visitorNtB2_5Scope3new
FNDA:0,_RNvMs_NtCs2Eyh5DnjbiX_9cytoscnpy7visitorNtB4_16CytoScnPyVisitor10exit_scope
FNDA:0,_RNvMs_NtCs2Eyh5DnjbiX_9cytoscnpy7visitorNtB4_16CytoScnPyVisitor10visit_expr
FNDA:0,_RNvMs_NtCs2Eyh5DnjbiX_9cytoscnpy7visitorNtB4_16CytoScnPyVisitor10visit_stmt
FNDA:0,_RNvMs_NtCs2Eyh5DnjbiX_9cytoscnpy7visitorNtB4_16CytoScnPyVisitor11enter_scope
FNDA:0,_RNvMs_NtCs2Eyh5DnjbiX_9cytoscnpy7visitorNtB4_16CytoScnPyVisitor12resolve_name
FNDA:0,_RNvMs_NtCs2Eyh5DnjbiX_9cytoscnpy7visitorNtB4_16CytoScnPyVisitor13add_local_def
FNDA:0,_RNvMs_NtCs2Eyh5DnjbiX_9cytoscnpy7visitorNtB4_16CytoScnPyVisitor14add_definition
FNDA:0,_RNvMs_NtCs2Eyh5DnjbiX_9cytoscnpy7visitorNtB4_16CytoScnPyVisitor15visit_arguments
FNDA:0,_RNvMs_NtCs2Eyh5DnjbiX_9cytoscnpy7visitorNtB4_16CytoScnPyVisitor15visit_call_expr
FNDA:0,_RNvMs_NtCs2Eyh5DnjbiX_9cytoscnpy7visitorNtB4_16CytoScnPyVisitor15visit_name_expr
FNDA:0,_RNvMs_NtCs2Eyh5DnjbiX_9cytoscnpy7visitorNtB4_16CytoScnPyVisitor18get_qualified_name
FNDA:0,_RNvMs_NtCs2Eyh5DnjbiX_9cytoscnpy7visitorNtB4_16CytoScnPyVisitor18visit_function_def
FNDA:0,_RNvMs_NtCs2Eyh5DnjbiX_9cytoscnpy7visitorNtB4_16CytoScnPyVisitor19visit_match_pattern
FNDA:0,_RNvMs_NtCs2Eyh5DnjbiX_9cytoscnpy7visitorNtB4_16CytoScnPyVisitor20get_current_scope_id
FNDA:0,_RNvMs_NtCs2Eyh5DnjbiX_9cytoscnpy7visitorNtB4_16CytoScnPyVisitor20visit_attribute_expr
FNDA:0,_RNvMs_NtCs2Eyh5DnjbiX_9cytoscnpy7visitorNtB4_16CytoScnPyVisitor20visit_string_literal
FNDA:0,_RNvMs_NtCs2Eyh5DnjbiX_9cytoscnpy7visitorNtB4_16CytoScnPyVisitor22resolve_name_with_info
FNDA:0,_RNvMs_NtCs2Eyh5DnjbiX_9cytoscnpy7visitorNtB4_16CytoScnPyVisitor23visit_definition_target
FNDA:0,_RNvMs_NtCs2Eyh5DnjbiX_9cytoscnpy7visitorNtB4_16CytoScnPyVisitor3new
FNDA:0,_RNvMs_NtCs2Eyh5DnjbiX_9cytoscnpy7visitorNtB4_16CytoScnPyVisitor7add_ref
FNDA:2,_RINvNtCsbhXKu17xbPQ_9cytoscnpy7visitor18serialize_arc_pathQINtNtCszGeVEcmPEN_10serde_json3ser10SerializerQINtNtCs1S013FBku8r_5alloc3vec3VechEEECsfU7ssYlKyvm_19fix_suggestion_test
FNDA:2,_RINvNtCsbhXKu17xbPQ_9cytoscnpy7visitor25serialize_smallvec_stringQINtNtCszGeVEcmPEN_10serde_json3ser10SerializerQINtNtCs1S013FBku8r_5alloc3vec3VechEEECsfU7ssYlKyvm_19fix_suggestion_test
FNF:35
FNH:33
DA:15,13
DA:16,13
DA:17,13
DA:19,13
DA:20,13
DA:23,0
DA:24,0
DA:25,0
DA:27,0
DA:28,0
DA:31,13
DA:32,13
DA:33,13
DA:34,13
DA:35,13
DA:36,13
DA:38,13
DA:39,13
DA:42,0
DA:43,0
DA:44,0
DA:46,0
DA:47,0
DA:79,677
DA:80,677
DA:81,677
DA:82,677
DA:83,677
DA:84,677
DA:85,677
DA:86,677
DA:87,677
DA:273,277
DA:274,277
DA:276,277
DA:277,277
DA:278,277
DA:279,277
DA:280,277
DA:281,277
DA:282,277
DA:283,277
DA:284,277
DA:285,277
DA:286,277
DA:287,277
DA:288,277
DA:290,277
DA:291,277
DA:292,277
DA:293,277
DA:294,277
DA:295,277
DA:298,277
DA:299,277
DA:300,277
DA:302,277
DA:303,277
DA:304,277
DA:305,277
DA:307,277
DA:310,662
DA:311,662
DA:312,662
DA:313,662
DA:315,662
DA:316,662
DA:317,662
DA:318,662
DA:322,964
DA:323,964
DA:324,964
DA:325,964
DA:326,964
DA:327,964
DA:328,964
DA:329,964
DA:337,964
DA:338,964
DA:340,964
DA:341,964
DA:343,964
DA:348,964
DA:349,963
DA:350,962
DA:353,964
DA:358,964
DA:359,958
DA:360,958
DA:361,958
DA:366,964
DA:367,964
DA:370,964
DA:373,964
DA:374,964
DA:375,964
DA:376,964
DA:379,964
DA:381,964
DA:382,122
DA:383,30
DA:384,23
DA:386,964
DA:387,561
DA:388,119
DA:389,119
DA:390,142
DA:391,4
DA:394,964
DA:395,963
DA:396,961
DA:397,949
DA:398,939
DA:399,916
DA:406,964
DA:410,964
DA:414,964
DA:415,48
DA:416,916
DA:419,964
DA:420,964
DA:421,872
DA:422,774
DA:423,621
DA:424,362
DA:425,210
DA:430,964
DA:431,964
DA:432,964
DA:433,964
DA:434,964
DA:436,0
DA:439,964
DA:441,964
DA:442,964
DA:443,964
DA:444,964
DA:445,964
DA:446,964
DA:447,964
DA:448,964
DA:449,964
DA:450,964
DA:452,964
DA:453,964
DA:454,964
DA:455,964
DA:456,964
DA:457,964
DA:459,964
DA:460,964
DA:463,964
DA:464,964
DA:465,964
DA:466,964
DA:469,964
DA:470,964
DA:473,400
DA:475,400
DA:476,302
DA:477,400
DA:478,111
DA:479,289
DA:480,400
DA:482,0
DA:484,400
DA:485,400
DA:488,400
DA:489,400
DA:491,400
DA:492,302
DA:494,400
DA:495,400
DA:496,111
DA:497,111
DA:498,111
DA:499,289
DA:500,289
DA:501,289
DA:502,289
DA:503,289
DA:505,0
DA:507,0
DA:508,400
DA:512,1051
DA:513,1051
DA:514,1051
DA:515,1051
DA:516,1051
DA:517,1051
DA:521,878
DA:522,878
DA:524,1080
DA:527,1080
DA:528,47
DA:529,26
DA:530,21
DA:531,1033
DA:534,1054
DA:535,611
DA:536,443
DA:539,443
DA:541,0
DA:542,0
DA:543,0
DA:544,0
DA:545,0
DA:546,0
DA:547,0
DA:548,0
DA:549,0
DA:550,0
DA:551,0
DA:554,0
DA:555,0
DA:556,0
DA:557,0
DA:558,0
DA:559,0
DA:560,0
DA:561,0
DA:562,0
DA:563,0
DA:567,0
DA:568,0
DA:569,0
DA:570,0
DA:571,0
DA:572,0
DA:573,0
DA:574,0
DA:575,0
DA:576,0
DA:577,0
DA:579,0
DA:582,0
DA:583,0
DA:584,0
DA:585,0
DA:586,0
DA:587,443
DA:589,267
DA:590,878
DA:593,32
DA:594,32
DA:595,32
DA:598,2836
DA:599,2836
DA:600,2836
DA:604,12
DA:605,12
DA:606,4
DA:607,8
DA:608,0
DA:610,8
DA:612,12
DA:616,659
DA:618,659
DA:620,659
DA:621,639
DA:622,639
DA:624,659
DA:625,273
DA:626,273
DA:627,273
DA:628,273
DA:629,0
DA:634,659
DA:636,659
DA:637,639
DA:638,639
DA:640,659
DA:641,273
DA:642,139
DA:643,273
DA:644,273
DA:645,273
DA:646,273
DA:648,0
DA:652,659
DA:653,639
DA:654,639
DA:655,659
DA:657,659
DA:658,659
DA:661,302
DA:663,302
DA:664,0
DA:665,0
DA:666,0
DA:667,0
DA:668,0
DA:669,0
DA:672,530
DA:673,228
DA:674,37
DA:675,191
DA:676,228
DA:677,5
DA:678,223
DA:681,302
DA:682,5
DA:683,0
DA:684,5
DA:685,297
DA:687,303
DA:688,1
DA:689,0
DA:690,1
DA:691,1
DA:692,0
DA:693,1
DA:696,302
DA:697,5
DA:698,0
DA:699,5
DA:700,297
DA:701,302
DA:724,1487
DA:726,1487
DA:727,0
DA:728,0
DA:729,1487
DA:730,1487
DA:732,1487
DA:734,302
DA:736,344
DA:737,42
DA:738,42
DA:740,302
DA:742,302
DA:743,27
DA:744,275
DA:745,302
DA:746,302
DA:747,302
DA:748,302
DA:749,302
DA:750,302
DA:754,98
DA:756,98
DA:757,100
DA:758,2
DA:760,2
DA:761,2
DA:762,2
DA:763,2
DA:764,0
DA:765,0
DA:766,0
DA:767,0
DA:768,0
DA:769,0
DA:770,0
DA:771,0
DA:772,0
DA:773,0
DA:774,0
DA:775,0
DA:776,0
DA:777,0
DA:778,0
DA:779,0
DA:780,0
DA:781,0
DA:784,98
DA:785,98
DA:787,98
DA:789,98
DA:793,98
DA:794,98
DA:795,125
DA:796,27
DA:797,25
DA:798,25
DA:799,25
DA:801,5
DA:802,25
DA:803,25
DA:804,5
DA:805,5
DA:806,20
DA:808,2
DA:809,2
DA:810,2
DA:812,0
DA:813,2
DA:814,2
DA:815,0
DA:816,0
DA:817,2
DA:819,0
DA:824,98
DA:825,98
DA:826,98
DA:827,98
DA:830,98
DA:831,98
DA:832,98
DA:833,98
DA:836,98
DA:837,0
DA:838,27
DA:839,27
DA:840,27
DA:841,27
DA:842,27
DA:843,27
DA:844,27
DA:846,27
DA:847,98
DA:849,98
DA:850,98
DA:851,98
DA:852,98
DA:853,98
DA:854,98
DA:855,98
DA:856,98
DA:857,98
DA:858,98
DA:862,98
DA:865,98
DA:866,27
DA:868,27
DA:869,25
DA:870,25
DA:871,25
DA:872,25
DA:873,25
DA:874,2
DA:879,98
DA:880,98
DA:881,12
DA:883,12
DA:884,12
DA:885,12
DA:886,12
DA:887,12
DA:888,12
DA:889,12
DA:890,12
DA:892,12
DA:893,12
DA:894,12
DA:895,12
DA:896,12
DA:897,12
DA:898,0
DA:902,98
DA:903,12
DA:904,12
DA:905,12
DA:906,86
DA:910,124
DA:911,27
DA:913,1
DA:914,1
DA:915,1
DA:916,26
DA:920,98
DA:921,98
DA:924,98
DA:927,258
DA:928,160
DA:929,160
DA:931,98
DA:932,98
DA:933,98
DA:934,98
DA:935,98
DA:938,98
DA:941,97
DA:943,194
DA:945,97
DA:946,97
DA:948,97
DA:949,97
DA:950,97
DA:951,97
DA:952,97
DA:953,97
DA:954,97
DA:955,97
DA:956,97
DA:957,97
DA:959,97
DA:960,97
DA:961,97
DA:965,97
DA:966,97
DA:969,97
DA:970,1
DA:971,0
DA:973,1
DA:975,1
DA:977,1
DA:978,96
DA:982,49
DA:985,49
DA:986,49
DA:987,2
DA:988,47
DA:989,0
DA:991,103
DA:992,56
DA:993,56
DA:995,56
DA:996,56
DA:997,56
DA:998,56
DA:999,56
DA:1000,56
DA:1001,56
DA:1002,56
DA:1003,56
DA:1004,56
DA:1005,56
DA:1008,56
DA:1009,56
DA:1010,56
DA:1011,56
DA:1012,56
DA:1013,0
DA:1014,0
DA:1015,0
DA:1018,56
DA:1019,0
DA:1020,0
DA:1022,0
DA:1024,0
DA:1026,0
DA:1027,56
DA:1031,220
DA:1033,220
DA:1034,214
DA:1035,3
DA:1036,8
DA:1037,5
DA:1038,5
DA:1039,5
DA:1041,0
DA:1042,211
DA:1043,6
DA:1046,220
DA:1047,2
DA:1048,1
DA:1049,1
DA:1050,1
DA:1051,1
DA:1053,1
DA:1054,1
DA:1055,1
DA:1056,1
DA:1057,1
DA:1058,0
DA:1059,0
DA:1061,219
DA:1063,220
DA:1066,440
DA:1067,220
DA:1069,214
DA:1071,211
DA:1072,211
DA:1073,211
DA:1075,211
DA:1077,0
DA:1078,0
DA:1079,0
DA:1080,0
DA:1081,0
DA:1082,0
DA:1084,211
DA:1085,211
DA:1086,211
DA:1088,211
DA:1089,211
DA:1090,211
DA:1091,211
DA:1092,211
DA:1093,211
DA:1094,211
DA:1095,211
DA:1096,211
DA:1097,211
DA:1098,211
DA:1099,211
DA:1100,211
DA:1106,211
DA:1107,21
DA:1108,0
DA:1109,21
DA:1110,190
DA:1112,3
DA:1113,6
DA:1114,6
DA:1115,6
DA:1116,6
DA:1122,220
DA:1123,88
DA:1124,43
DA:1125,43
DA:1127,0
DA:1128,0
DA:1129,0
DA:1130,0
DA:1131,0
DA:1133,43
DA:1134,45
DA:1135,132
DA:1138,13
DA:1139,13
DA:1140,13
DA:1141,13
DA:1143,9
DA:1145,9
DA:1146,9
DA:1147,9
DA:1148,9
DA:1149,9
DA:1150,9
DA:1151,9
DA:1152,9
DA:1153,9
DA:1154,9
DA:1155,9
DA:1156,9
DA:1157,9
DA:1158,9
DA:1162,9
DA:1163,9
DA:1164,7
DA:1165,7
DA:1166,0
DA:1167,0
DA:1168,0
DA:1169,0
DA:1170,0
DA:1172,9
DA:1173,9
DA:1174,1
DA:1175,8
DA:1179,9
DA:1180,9
DA:1181,9
DA:1182,0
DA:1183,9
DA:1184,0
DA:1185,0
DA:1186,0
DA:1187,0
DA:1188,0
DA:1190,9
DA:1191,0
DA:1192,0
DA:1193,0
DA:1194,0
DA:1195,9
DA:1198,251
DA:1199,251
DA:1200,251
DA:1202,67
DA:1204,67
DA:1205,67
DA:1206,28
DA:1207,2
DA:1208,26
DA:1209,1
DA:1210,1
DA:1211,1
DA:1212,25
DA:1213,39
DA:1214,3
DA:1215,3
DA:1216,3
DA:1217,2
DA:1218,3
DA:1219,3
DA:1220,3
DA:1221,0
DA:1222,0
DA:1223,0
DA:1224,0
DA:1225,0
DA:1226,0
DA:1227,36
DA:1229,67
DA:1231,67
DA:1232,67
DA:1233,6
DA:1234,61
DA:1236,136
DA:1237,69
DA:1238,69
DA:1241,67
DA:1244,78
DA:1246,11
DA:1247,4
DA:1248,7
DA:1249,22
DA:1250,11
DA:1251,11
DA:1254,3
DA:1255,3
DA:1256,3
DA:1257,6
DA:1258,3
DA:1259,3
DA:1260,4
DA:1261,1
DA:1262,1
DA:1265,2
DA:1266,2
DA:1267,5
DA:1268,3
DA:1269,3
DA:1270,3
DA:1271,1
DA:1272,1
DA:1274,3
DA:1275,7
DA:1276,4
DA:1277,4
DA:1278,7
DA:1279,4
DA:1280,4
DA:1283,5
DA:1284,5
DA:1285,14
DA:1286,9
DA:1287,9
DA:1289,8
DA:1290,6
DA:1291,5
DA:1292,1
DA:1293,1
DA:1294,5
DA:1295,2
DA:1296,6
DA:1297,4
DA:1298,4
DA:1299,4
DA:1300,0
DA:1301,0
DA:1302,4
DA:1303,0
DA:1305,0
DA:1306,1
DA:1309,5
DA:1310,5
DA:1311,1
DA:1312,4
DA:1314,11
DA:1315,6
DA:1316,6
DA:1318,5
DA:1320,14
DA:1321,9
DA:1322,8
DA:1323,8
DA:1324,18
DA:1325,9
DA:1326,9
DA:1328,6
DA:1329,1
DA:1330,1
DA:1331,7
DA:1332,2
DA:1333,2
DA:1336,127
DA:1337,127
DA:1340,126
DA:1341,32
DA:1342,32
DA:1345,32
DA:1346,32
DA:1347,32
DA:1348,0
DA:1349,94
DA:1350,126
DA:1351,1
DA:1354,1
DA:1355,1
DA:1356,1
DA:1357,1
DA:1358,1
DA:1360,1
DA:1361,1
DA:1362,1
DA:1363,1
DA:1364,1
DA:1365,1
DA:1366,1
DA:1368,1
DA:1369,2
DA:1370,1
DA:1371,1
DA:1373,8
DA:1374,8
DA:1375,32
DA:1376,24
DA:1377,24
DA:1378,0
DA:1379,24
DA:1380,48
DA:1381,24
DA:1382,24
DA:1385,1
DA:1386,2
DA:1388,1
DA:1389,1
DA:1390,1
DA:1392,1
DA:1393,1
DA:1394,1
DA:1395,1
DA:1396,1
DA:1399,229
DA:1402,1485
DA:1403,1487
DA:1407,302
DA:1408,302
DA:1409,302
DA:1410,302
DA:1411,302
DA:1412,302
DA:1413,302
DA:1414,302
DA:1415,302
DA:1416,302
DA:1419,302
DA:1420,210
DA:1422,92
DA:1426,302
DA:1427,302
DA:1428,302
DA:1431,302
DA:1432,302
DA:1434,302
DA:1435,302
DA:1436,302
DA:1437,302
DA:1438,302
DA:1439,302
DA:1440,302
DA:1441,302
DA:1442,302
DA:1443,302
DA:1446,501
DA:1447,501
DA:1448,0
DA:1449,0
DA:1450,0
DA:1451,0
DA:1452,0
DA:1453,0
DA:1454,0
DA:1456,0
DA:1458,0
DA:1459,501
DA:1460,501
DA:1461,501
DA:1463,302
DA:1464,0
DA:1465,0
DA:1466,0
DA:1467,302
DA:1470,302
DA:1472,92
DA:1473,2
DA:1474,1
DA:1475,0
DA:1476,1
DA:1478,1
DA:1479,1
DA:1480,0
DA:1481,0
DA:1483,0
DA:1485,1
DA:1487,2
DA:1488,1
DA:1489,1
DA:1490,1
DA:1491,1
DA:1494,1
DA:1495,1
DA:1496,1
DA:1497,1
DA:1498,90
DA:1501,92
DA:1502,3
DA:1503,3
DA:1504,3
DA:1505,3
DA:1506,3
DA:1507,3
DA:1508,3
DA:1509,3
DA:1510,3
DA:1511,3
DA:1512,89
DA:1513,210
DA:1519,302
DA:1522,302
DA:1525,302
DA:1526,302
DA:1527,344
DA:1529,42
DA:1530,25
DA:1531,17
DA:1534,42
DA:1535,24
DA:1536,24
DA:1538,24
DA:1539,24
DA:1541,24
DA:1543,24
DA:1544,24
DA:1545,24
DA:1546,24
DA:1547,17
DA:1548,17
DA:1549,0
DA:1550,24
DA:1553,0
DA:1554,0
DA:1555,0
DA:1557,0
DA:1558,0
DA:1559,18
DA:1561,0
DA:1563,302
DA:1564,18
DA:1565,284
DA:1568,302
DA:1571,302
DA:1572,3
DA:1573,299
DA:1576,302
DA:1577,340
DA:1578,42
DA:1579,25
DA:1580,17
DA:1583,42
DA:1584,18
DA:1585,1
DA:1586,1
DA:1587,17
DA:1588,24
DA:1589,24
DA:1590,0
DA:1591,0
DA:1592,24
DA:1593,0
DA:1595,3
DA:1598,302
DA:1601,302
DA:1602,229
DA:1605,302
DA:1606,0
DA:1607,0
DA:1608,0
DA:1609,0
DA:1611,0
DA:1613,0
DA:1617,0
DA:1618,0
DA:1619,0
DA:1620,0
DA:1621,0
DA:1622,0
DA:1623,0
DA:1624,0
DA:1625,0
DA:1626,0
DA:1627,0
DA:1628,0
DA:1629,0
DA:1633,530
DA:1634,228
DA:1635,228
DA:1636,228
DA:1637,141
DA:1639,87
DA:1641,228
DA:1645,228
DA:1646,141
DA:1647,141
DA:1648,141
DA:1649,141
DA:1650,141
DA:1651,141
DA:1652,141
DA:1653,141
DA:1654,141
DA:1655,141
DA:1656,141
DA:1657,141
DA:1661,303
DA:1662,1
DA:1663,1
DA:1664,1
DA:1665,1
DA:1666,1
DA:1668,1
DA:1669,1
DA:1670,1
DA:1671,1
DA:1672,1
DA:1673,1
DA:1674,1
DA:1675,1
DA:1676,1
DA:1677,1
DA:1678,1
DA:1679,1
DA:1683,302
DA:1684,5
DA:1685,5
DA:1686,5
DA:1687,5
DA:1688,5
DA:1690,5
DA:1691,5
DA:1692,5
DA:1693,5
DA:1694,5
DA:1695,5
DA:1696,5
DA:1697,5
DA:1698,5
DA:1699,5
DA:1700,5
DA:1701,5
DA:1702,297
DA:1705,302
DA:1706,5
DA:1707,5
DA:1708,5
DA:1709,5
DA:1710,5
DA:1712,5
DA:1713,5
DA:1714,5
DA:1715,5
DA:1716,5
DA:1717,5
DA:1718,5
DA:1719,5
DA:1720,5
DA:1721,5
DA:1722,5
DA:1723,5
DA:1724,297
DA:1727,302
DA:1728,302
DA:1731,302
DA:1734,803
DA:1735,501
DA:1736,501
DA:1739,302
DA:1742,302
DA:1743,302
DA:1763,860
DA:1764,860
DA:1765,846
DA:1768,846
DA:1770,579
DA:1771,42
DA:1772,537
DA:1773,579
DA:1778,267
DA:1779,2
DA:1780,265
DA:1781,265
DA:1782,265
DA:1787,846
DA:1789,176
DA:1790,176
DA:1791,109
DA:1792,109
DA:1793,0
DA:1795,176
DA:1796,670
DA:1797,14
DA:1798,860
DA:1800,420
DA:1802,420
DA:1803,193
DA:1804,193
DA:1807,12
DA:1808,12
DA:1811,6
DA:1813,6
DA:1814,7
DA:1815,7
DA:1816,7
DA:1817,6
DA:1818,0
DA:1819,6
DA:1821,12
DA:1822,6
DA:1823,6
DA:1824,6
DA:1825,181
DA:1826,6
DA:1827,6
DA:1828,175
DA:1831,193
DA:1833,8
DA:1834,8
DA:1836,8
DA:1839,8
DA:1840,8
DA:1843,8
DA:1844,8
DA:1845,8
DA:1846,8
DA:1847,8
DA:1848,0
DA:1849,185
DA:1850,227
DA:1852,420
DA:1853,696
DA:1854,276
DA:1855,276
DA:1857,496
DA:1858,76
DA:1859,76
DA:1860,420
DA:1862,303
DA:1865,303
DA:1869,303
DA:1870,276
DA:1871,21
DA:1873,21
DA:1875,20
DA:1876,20
DA:1877,20
DA:1879,0
DA:1882,20
DA:1883,1
DA:1884,1
DA:1885,1
DA:1886,19
DA:1887,1
DA:1888,255
DA:1889,27
DA:1891,303
DA:1892,276
DA:1896,276
DA:1897,276
DA:1898,146
DA:1899,146
DA:1900,146
DA:1901,146
DA:1902,146
DA:1903,146
DA:1904,146
DA:1905,146
DA:1909,276
DA:1910,20
DA:1911,20
DA:1912,20
DA:1913,20
DA:1914,20
DA:1915,20
DA:1916,20
DA:1917,20
DA:1918,20
DA:1921,256
DA:1922,256
DA:1923,256
DA:1924,256
DA:1925,256
DA:1926,256
DA:1927,256
DA:1928,256
DA:1929,27
DA:1930,303
DA:1931,303
DA:1933,290
DA:1934,290
DA:1938,290
DA:1939,248
DA:1944,248
DA:1945,1848
DA:1946,1848
DA:1947,1774
DA:1948,1774
DA:1950,55
DA:1951,7
DA:1952,48
DA:1953,55
DA:1954,19
DA:1957,248
DA:1958,236
DA:1959,49
DA:1960,49
DA:1961,199
DA:1962,42
DA:1963,290
DA:1979,2306
DA:1981,2306
DA:1982,0
DA:1983,0
DA:1984,2306
DA:1985,2306
DA:1987,2306
DA:1989,860
DA:1991,420
DA:1993,303
DA:1995,290
DA:1998,4
DA:1999,16
DA:2000,12
DA:2001,12
DA:2003,39
DA:2004,39
DA:2005,39
DA:2006,39
DA:2007,4
DA:2008,4
DA:2009,4
DA:2010,4
DA:2011,4
DA:2012,4
DA:2013,1
DA:2014,1
DA:2015,1
DA:2016,1
DA:2017,1
DA:2018,6
DA:2019,13
DA:2020,7
DA:2021,6
DA:2022,6
DA:2023,7
DA:2026,1
DA:2027,3
DA:2028,2
DA:2029,2
DA:2031,6
DA:2032,12
DA:2033,6
DA:2034,6
DA:2035,7
DA:2036,1
DA:2037,1
DA:2039,6
DA:2041,2
DA:2042,4
DA:2043,2
DA:2044,2
DA:2045,2
DA:2046,0
DA:2047,0
DA:2049,2
DA:2051,3
DA:2052,6
DA:2053,3
DA:2054,3
DA:2055,3
DA:2056,0
DA:2057,0
DA:2059,3
DA:2060,3
DA:2062,1
DA:2063,2
DA:2064,1
DA:2065,1
DA:2066,1
DA:2067,0
DA:2068,0
DA:2070,1
DA:2072,2
DA:2073,2
DA:2074,2
DA:2075,2
DA:2076,2
DA:2078,1
DA:2079,32
DA:2080,32
DA:2081,64
DA:2082,32
DA:2083,32
DA:2085,17
DA:2086,17
DA:2087,17
DA:2088,17
DA:2089,20
DA:2090,40
DA:2091,20
DA:2092,0
DA:2093,20
DA:2095,79
DA:2096,28
DA:2097,59
DA:2098,28
DA:2099,28
DA:2100,31
DA:2106,18
DA:2107,43
DA:2108,25
DA:2109,25
DA:2111,4
DA:2112,12
DA:2113,8
DA:2114,8
DA:2116,1
DA:2117,1
DA:2118,1
DA:2119,1
DA:2120,1
DA:2121,1
DA:2122,1
DA:2123,1
DA:2124,1
DA:2125,1
DA:2129,5
DA:2130,5
DA:2131,5
DA:2132,260
DA:2135,2306
DA:2136,2306
DA:2140,17
DA:2141,17
DA:2142,16
DA:2143,16
DA:2144,16
DA:2145,16
DA:2146,16
DA:2147,16
DA:2148,16
DA:2149,16
DA:2150,16
DA:2151,16
DA:2152,16
DA:2153,16
DA:2154,16
DA:2155,16
DA:2156,16
DA:2157,16
DA:2158,16
DA:2159,1
DA:2160,3
DA:2161,2
DA:2162,2
DA:2164,0
DA:2165,0
DA:2166,0
DA:2167,0
DA:2169,0
DA:2170,0
DA:2171,0
DA:2173,0
DA:2174,0
DA:2175,0
DA:2176,0
DA:2177,0
DA:2178,0
DA:2179,0
DA:2180,0
DA:2182,17
DA:2185,58
DA:2187,58
DA:2188,0
DA:2189,0
DA:2190,58
DA:2191,58
DA:2193,58
DA:2194,14
DA:2195,14
DA:2196,14
DA:2197,0
DA:2198,0
DA:2199,0
DA:2200,8
DA:2201,26
DA:2202,18
DA:2203,18
DA:2205,3
DA:2206,5
DA:2207,5
DA:2208,5
DA:2209,5
DA:2210,3
DA:2211,1
DA:2212,1
DA:2213,1
DA:2214,1
DA:2215,1
DA:2216,1
DA:2217,1
DA:2218,1
DA:2219,1
DA:2220,1
DA:2221,1
DA:2222,1
DA:2223,1
DA:2224,1
DA:2225,1
DA:2226,1
DA:2227,1
DA:2228,1
DA:2229,1
DA:2230,1
DA:2231,1
DA:2232,2
DA:2234,4
DA:2235,4
DA:2236,4
DA:2237,0
DA:2238,0
DA:2239,12
DA:2240,8
DA:2241,8
DA:2243,1
DA:2244,1
DA:2245,1
DA:2246,1
DA:2247,1
DA:2248,1
DA:2249,1
DA:2250,1
DA:2251,1
DA:2252,1
DA:2253,1
DA:2254,1
DA:2255,1
DA:2256,1
DA:2257,1
DA:2258,1
DA:2259,1
DA:2261,27
DA:2262,27
DA:2263,0
DA:2264,27
DA:2265,27
DA:2266,21
DA:2267,21
DA:2268,21
DA:2269,21
DA:2270,21
DA:2271,21
DA:2272,21
DA:2273,21
DA:2274,21
DA:2275,21
DA:2276,21
DA:2277,21
DA:2278,21
DA:2279,21
DA:2280,21
DA:2282,1
DA:2283,4
DA:2284,3
DA:2285,3
DA:2289,58
DA:2290,58
BRF:0
BRH:0
LF:1468
LH:1244
end_of_record